[1006/225204.907:ERROR:process_memory_win.cc(73)] ReadMemory at 0x777e3840 of 28 bytes failed: Only part of a ReadProcessMemory or WriteProcessMemory request was completed. (0x12B)
[1006/225204.911:WARNING:pe_image_reader.cc(171)] could not read data directory from C:\WINDOWS\SYSTEM32\KERNEL32.DLL
[1006/225204.911:ERROR:process_memory_win.cc(73)] ReadMemory at 0x77760000 of 64 bytes failed: Only part of a ReadProcessMemory or WriteProcessMemory request was completed. (0x12B)
[1006/225204.911:WARNING:pe_image_reader.cc(340)] could not read dos header from C:\WINDOWS\SYSTEM32\KERNEL32.DLL
[1006/225204.911:ERROR:process_memory_win.cc(73)] ReadMemory at 0x77b40000 of 64 bytes failed: Only part of a ReadProcessMemory or WriteProcessMemory request was completed. (0x12B)
[1006/225204.912:WARNING:pe_image_reader.cc(340)] could not read dos header from C:\WINDOWS\SYSTEM32\KERNELBASE.dll
[1006/225204.912:ERROR:process_memory_win.cc(73)] ReadMemory at 0x77b40000 of 64 bytes failed: Only part of a ReadProcessMemory or WriteProcessMemory request was completed. (0x12B)
[1006/225204.912:WARNING:pe_image_reader.cc(340)] could not read dos header from C:\WINDOWS\SYSTEM32\KERNELBASE.dll
[1006/225204.912:ERROR:process_memory_win.cc(73)] ReadMemory at 0x6f730000 of 64 bytes failed: Only part of a ReadProcessMemory or WriteProcessMemory request was completed. (0x12B)
[1006/225204.912:WARNING:pe_image_reader.cc(340)] could not read dos header from C:\Program Files (x86)\Google\Chrome\Application\85.0.4183.83\chrome_elf.dll
[1006/225204.912:ERROR:process_memory_win.cc(73)] ReadMemory at 0x6f730000 of 64 bytes failed: Only part of a ReadProcessMemory or WriteProcessMemory request was completed. (0x12B)
[1006/225204.912:WARNING:pe_image_reader.cc(340)] could not read dos header from C:\Program Files (x86)\Google\Chrome\Application\85.0.4183.83\chrome_elf.dll
[1006/225204.912:ERROR:process_memory_win.cc(73)] ReadMemory at 0x74a20000 of 64 bytes failed: Only part of a ReadProcessMemory or WriteProcessMemory request was completed. (0x12B)
[1006/225204.912:WARNING:pe_image_reader.cc(340)] could not read dos header from C:\WINDOWS\SYSTEM32\VERSION.dll
[1006/225204.912:ERROR:process_memory_win.cc(73)] ReadMemory at 0x74a20000 of 64 bytes failed: Only part of a ReadProcessMemory or WriteProcessMemory request was completed. (0x12B)
[1006/225204.912:WARNING:pe_image_reader.cc(340)] could not read dos header from C:\WINDOWS\SYSTEM32\VERSION.dll
[1006/225204.912:ERROR:process_memory_win.cc(73)] ReadMemory at 0x775f0000 of 64 bytes failed: Only part of a ReadProcessMemory or WriteProcessMemory request was completed. (0x12B)
[1006/225204.912:WARNING:pe_image_reader.cc(340)] could not read dos header from C:\WINDOWS\SYSTEM32\msvcrt.dll
[1006/225204.912:ERROR:process_memory_win.cc(73)] ReadMemory at 0x775f0000 of 64 bytes failed: Only part of a ReadProcessMemory or WriteProcessMemory request was completed. (0x12B)
[1006/225204.912:WARNING:pe_image_reader.cc(340)] could not read dos header from C:\WINDOWS\SYSTEM32\msvcrt.dll
[1006/225204.913:ERROR:process_memory_win.cc(73)] ReadMemory at 0x75460000 of 64 bytes failed: Only part of a ReadProcessMemory or WriteProcessMemory request was completed. (0x12B)
[1006/225204.913:WARNING:pe_image_reader.cc(340)] could not read dos header from C:\WINDOWS\SYSTEM32\bcryptPrimitives.dll
[1006/225204.913:ERROR:process_memory_win.cc(73)] ReadMemory at 0x75460000 of 64 bytes failed: Only part of a ReadProcessMemory or WriteProcessMemory request was completed. (0x12B)
[1006/225204.913:WARNING:pe_image_reader.cc(340)] could not read dos header from C:\WINDOWS\SYSTEM32\bcryptPrimitives.dll
[1006/225204.913:ERROR:process_memory_win.cc(73)] ReadMemory at 0x75ee0000 of 64 bytes failed: Only part of a ReadProcessMemory or WriteProcessMemory request was completed. (0x12B)
[1006/225204.913:WARNING:pe_image_reader.cc(340)] could not read dos header from C:\WINDOWS\SYSTEM32\ADVAPI32.dll
[1006/225204.913:ERROR:process_memory_win.cc(73)] ReadMemory at 0x75ee0000 of 64 bytes failed: Only part of a ReadProcessMemory or WriteProcessMemory request was completed. (0x12B)
[1006/225204.913:WARNING:pe_image_reader.cc(340)] could not read dos header from C:\WINDOWS\SYSTEM32\ADVAPI32.dll
[1006/225204.913:ERROR:process_memory_win.cc(73)] ReadMemory at 0x77540000 of 64 bytes failed: Only part of a ReadProcessMemory or WriteProcessMemory request was completed. (0x12B)
[1006/225204.913:WARNING:pe_image_reader.cc(340)] could not read dos header from C:\WINDOWS\SYSTEM32\sechost.dll
[1006/225204.913:ERROR:process_memory_win.cc(73)] ReadMemory at 0x77540000 of 64 bytes failed: Only part of a ReadProcessMemory or WriteProcessMemory request was completed. (0x12B)
[1006/225204.913:WARNING:pe_image_reader.cc(340)] could not read dos header from C:\WINDOWS\SYSTEM32\sechost.dll
[1006/225204.914:ERROR:process_memory_win.cc(73)] ReadMemory at 0x755d0000 of 64 bytes failed: Only part of a ReadProcessMemory or WriteProcessMemory request was completed. (0x12B)
[1006/225204.914:WARNING:pe_image_reader.cc(340)] could not read dos header from C:\WINDOWS\SYSTEM32\RPCRT4.dll
[1006/225204.914:ERROR:process_memory_win.cc(73)] ReadMemory at 0x755d0000 of 64 bytes failed: Only part of a ReadProcessMemory or WriteProcessMemory request was completed. (0x12B)
[1006/225204.914:WARNING:pe_image_reader.cc(340)] could not read dos header from C:\WINDOWS\SYSTEM32\RPCRT4.dll
[1006/225204.914:ERROR:process_memory_win.cc(73)] ReadMemory at 0x774d0000 of 64 bytes failed: Only part of a ReadProcessMemory or WriteProcessMemory request was completed. (0x12B)
[1006/225204.914:WARNING:pe_image_reader.cc(340)] could not read dos header from C:\WINDOWS\SYSTEM32\SspiCli.dll
[1006/225204.914:ERROR:process_memory_win.cc(73)] ReadMemory at 0x774d0000 of 64 bytes failed: Only part of a ReadProcessMemory or WriteProcessMemory request was completed. (0x12B)
[1006/225204.914:WARNING:pe_image_reader.cc(340)] could not read dos header from C:\WINDOWS\SYSTEM32\SspiCli.dll
[1006/225204.915:ERROR:process_memory_win.cc(73)] ReadMemory at 0x754c0000 of 64 bytes failed: Only part of a ReadProcessMemory or WriteProcessMemory request was completed. (0x12B)
[1006/225204.915:WARNING:pe_image_reader.cc(340)] could not read dos header from C:\WINDOWS\SYSTEM32\CRYPTBASE.dll
[1006/225204.915:ERROR:process_memory_win.cc(73)] ReadMemory at 0x754c0000 of 64 bytes failed: Only part of a ReadProcessMemory or WriteProcessMemory request was completed. (0x12B)
[1006/225204.915:WARNING:pe_image_reader.cc(340)] could not read dos header from C:\WINDOWS\SYSTEM32\CRYPTBASE.dll
[1006/225204.915:ERROR:process_memory_win.cc(73)] ReadMemory at 0x65350000 of 64 bytes failed: Only part of a ReadProcessMemory or WriteProcessMemory request was completed. (0x12B)
[1006/225204.915:WARNING:pe_image_reader.cc(340)] could not read dos header from C:\Program Files (x86)\Google\Chrome\Application\85.0.4183.83\chrome.dll
[1006/225204.915:ERROR:process_memory_win.cc(73)] ReadMemory at 0x65350000 of 64 bytes failed: Only part of a ReadProcessMemory or WriteProcessMemory request was completed. (0x12B)
[1006/225204.915:WARNING:pe_image_reader.cc(340)] could not read dos header from C:\Program Files (x86)\Google\Chrome\Application\85.0.4183.83\chrome.dll
[1006/225204.915:ERROR:process_memory_win.cc(73)] ReadMemory at 0x761c0000 of 64 bytes failed: Only part of a ReadProcessMemory or WriteProcessMemory request was completed. (0x12B)
[1006/225204.915:WARNING:pe_image_reader.cc(340)] could not read dos header from C:\WINDOWS\SYSTEM32\WS2_32.dll
[1006/225204.915:ERROR:process_memory_win.cc(73)] ReadMemory at 0x761c0000 of 64 bytes failed: Only part of a ReadProcessMemory or WriteProcessMemory request was completed. (0x12B)
[1006/225204.915:WARNING:pe_image_reader.cc(340)] could not read dos header from C:\WINDOWS\SYSTEM32\WS2_32.dll
[1006/225204.915:ERROR:process_memory_win.cc(73)] ReadMemory at 0x74d80000 of 64 bytes failed: Only part of a ReadProcessMemory or WriteProcessMemory request was completed. (0x12B)
[1006/225204.915:WARNING:pe_image_reader.cc(340)] could not read dos header from C:\WINDOWS\SYSTEM32\IPHLPAPI.DLL
[1006/225204.915:ERROR:process_memory_win.cc(73)] ReadMemory at 0x74d80000 of 64 bytes failed: Only part of a ReadProcessMemory or WriteProcessMemory request was completed. (0x12B)
[1006/225204.916:WARNING:pe_image_reader.cc(340)] could not read dos header from C:\WINDOWS\SYSTEM32\IPHLPAPI.DLL
[1006/225204.916:ERROR:process_memory_win.cc(73)] ReadMemory at 0x75530000 of 64 bytes failed: Only part of a ReadProcessMemory or WriteProcessMemory request was completed. (0x12B)
[1006/225204.916:WARNING:pe_image_reader.cc(340)] could not read dos header from C:\WINDOWS\SYSTEM32\OLEAUT32.dll
[1006/225204.916:ERROR:process_memory_win.cc(73)] ReadMemory at 0x75530000 of 64 bytes failed: Only part of a ReadProcessMemory or WriteProcessMemory request was completed. (0x12B)
[1006/225204.916:WARNING:pe_image_reader.cc(340)] could not read dos header from C:\WINDOWS\SYSTEM32\OLEAUT32.dll
[1006/225204.916:ERROR:process_memory_win.cc(73)] ReadMemory at 0x75420000 of 64 bytes failed: Only part of a ReadProcessMemory or WriteProcessMemory request was completed. (0x12B)
[1006/225204.916:WARNING:pe_image_reader.cc(340)] could not read dos header from C:\WINDOWS\SYSTEM32\WINMM.dll
[1006/225204.916:ERROR:process_memory_win.cc(73)] ReadMemory at 0x75420000 of 64 bytes failed: Only part of a ReadProcessMemory or WriteProcessMemory request was completed. (0x12B)
[1006/225204.916:WARNING:pe_image_reader.cc(340)] could not read dos header from C:\WINDOWS\SYSTEM32\WINMM.dll
[1006/225204.916:ERROR:process_memory_win.cc(73)] ReadMemory at 0x6f630000 of 64 bytes failed: Only part of a ReadProcessMemory or WriteProcessMemory request was completed. (0x12B)
[1006/225204.916:WARNING:pe_image_reader.cc(340)] could not read dos header from C:\WINDOWS\SYSTEM32\UIAutomationCore.DLL
[1006/225204.916:ERROR:process_memory_win.cc(73)] ReadMemory at 0x6f630000 of 64 bytes failed: Only part of a ReadProcessMemory or WriteProcessMemory request was completed. (0x12B)
[1006/225204.916:WARNING:pe_image_reader.cc(340)] could not read dos header from C:\WINDOWS\SYSTEM32\UIAutomationCore.DLL
[1006/225204.917:ERROR:process_memory_win.cc(73)] ReadMemory at 0x73d70000 of 64 bytes failed: Only part of a ReadProcessMemory or WriteProcessMemory request was completed. (0x12B)
[1006/225204.917:WARNING:pe_image_reader.cc(340)] could not read dos header from C:\WINDOWS\SYSTEM32\Secur32.dll
[1006/225204.917:ERROR:process_memory_win.cc(73)] ReadMemory at 0x73d70000 of 64 bytes failed: Only part of a ReadProcessMemory or WriteProcessMemory request was completed. (0x12B)
[1006/225204.917:WARNING:pe_image_reader.cc(340)] could not read dos header from C:\WINDOWS\SYSTEM32\Secur32.dll
[1006/225204.917:ERROR:process_memory_win.cc(73)] ReadMemory at 0x74a00000 of 64 bytes failed: Only part of a ReadProcessMemory or WriteProcessMemory request was completed. (0x12B)
[1006/225204.917:WARNING:pe_image_reader.cc(340)] could not read dos header from C:\WINDOWS\SYSTEM32\USERENV.dll
[1006/225204.917:ERROR:process_memory_win.cc(73)] ReadMemory at 0x74a00000 of 64 bytes failed: Only part of a ReadProcessMemory or WriteProcessMemory request was completed. (0x12B)
[1006/225204.917:WARNING:pe_image_reader.cc(340)] could not read dos header from C:\WINDOWS\SYSTEM32\USERENV.dll
[1006/225204.917:ERROR:process_memory_win.cc(73)] ReadMemory at 0x75f60000 of 64 bytes failed: Only part of a ReadProcessMemory or WriteProcessMemory request was completed. (0x12B)
[1006/225204.917:WARNING:pe_image_reader.cc(340)] could not read dos header from C:\WINDOWS\SYSTEM32\WINTRUST.dll
[1006/225204.917:ERROR:process_memory_win.cc(73)] ReadMemory at 0x75f60000 of 64 bytes failed: Only part of a ReadProcessMemory or WriteProcessMemory request was completed. (0x12B)
[1006/225204.917:WARNING:pe_image_reader.cc(340)] could not read dos header from C:\WINDOWS\SYSTEM32\WINTRUST.dll
[1006/225204.917:ERROR:process_memory_win.cc(73)] ReadMemory at 0x76030000 of 64 bytes failed: Only part of a ReadProcessMemory or WriteProcessMemory request was completed. (0x12B)
[1006/225204.917:WARNING:pe_image_reader.cc(340)] could not read dos header from C:\WINDOWS\SYSTEM32\CRYPT32.dll
[1006/225204.917:ERROR:process_memory_win.cc(73)] ReadMemory at 0x76030000 of 64 bytes failed: Only part of a ReadProcessMemory or WriteProcessMemory request was completed. (0x12B)
[1006/225204.918:WARNING:pe_image_reader.cc(340)] could not read dos header from C:\WINDOWS\SYSTEM32\CRYPT32.dll
[1006/225204.918:ERROR:process_memory_win.cc(73)] ReadMemory at 0x731a0000 of 64 bytes failed: Only part of a ReadProcessMemory or WriteProcessMemory request was completed. (0x12B)
[1006/225204.918:WARNING:pe_image_reader.cc(340)] could not read dos header from C:\WINDOWS\SYSTEM32\DWrite.dll
[1006/225204.918:ERROR:process_memory_win.cc(73)] ReadMemory at 0x731a0000 of 64 bytes failed: Only part of a ReadProcessMemory or WriteProcessMemory request was completed. (0x12B)
[1006/225204.918:WARNING:pe_image_reader.cc(340)] could not read dos header from C:\WINDOWS\SYSTEM32\DWrite.dll
[1006/225204.918:ERROR:process_memory_win.cc(73)] ReadMemory at 0x74f10000 of 64 bytes failed: Only part of a ReadProcessMemory or WriteProcessMemory request was completed. (0x12B)
[1006/225204.918:WARNING:pe_image_reader.cc(340)] could not read dos header from C:\WINDOWS\SYSTEM32\WINSPOOL.DRV
[1006/225204.918:ERROR:process_memory_win.cc(73)] ReadMemory at 0x74f10000 of 64 bytes failed: Only part of a ReadProcessMemory or WriteProcessMemory request was completed. (0x12B)
[1006/225204.918:WARNING:pe_image_reader.cc(340)] could not read dos header from C:\WINDOWS\SYSTEM32\WINSPOOL.DRV
[1006/225204.918:ERROR:process_memory_win.cc(73)] ReadMemory at 0x71160000 of 64 bytes failed: Only part of a ReadProcessMemory or WriteProcessMemory request was completed. (0x12B)
[1006/225204.918:WARNING:pe_image_reader.cc(340)] could not read dos header from C:\WINDOWS\SYSTEM32\dbghelp.dll
[1006/225204.918:ERROR:process_memory_win.cc(73)] ReadMemory at 0x71160000 of 64 bytes failed: Only part of a ReadProcessMemory or WriteProcessMemory request was completed. (0x12B)
[1006/225204.918:WARNING:pe_image_reader.cc(340)] could not read dos header from C:\WINDOWS\SYSTEM32\dbghelp.dll
[1006/225204.918:ERROR:process_memory_win.cc(73)] ReadMemory at 0x74f80000 of 64 bytes failed: Only part of a ReadProcessMemory or WriteProcessMemory request was completed. (0x12B)
[1006/225204.918:WARNING:pe_image_reader.cc(340)] could not read dos header from C:\WINDOWS\SYSTEM32\WINHTTP.dll
[1006/225204.919:ERROR:process_memory_win.cc(73)] ReadMemory at 0x74f80000 of 64 bytes failed: Only part of a ReadProcessMemory or WriteProcessMemory request was completed. (0x12B)
[1006/225204.919:WARNING:pe_image_reader.cc(340)] could not read dos header from C:\WINDOWS\SYSTEM32\WINHTTP.dll
[1006/225204.919:ERROR:process_memory_win.cc(73)] ReadMemory at 0x74cf0000 of 64 bytes failed: Only part of a ReadProcessMemory or WriteProcessMemory request was completed. (0x12B)
[1006/225204.919:WARNING:pe_image_reader.cc(340)] could not read dos header from C:\WINDOWS\SYSTEM32\dhcpcsvc.DLL
[1006/225204.919:ERROR:process_memory_win.cc(73)] ReadMemory at 0x74cf0000 of 64 bytes failed: Only part of a ReadProcessMemory or WriteProcessMemory request was completed. (0x12B)
[1006/225204.919:WARNING:pe_image_reader.cc(340)] could not read dos header from C:\WINDOWS\SYSTEM32\dhcpcsvc.DLL
[1006/225204.919:ERROR:process_memory_win.cc(73)] ReadMemory at 0x75820000 of 64 bytes failed: Only part of a ReadProcessMemory or WriteProcessMemory request was completed. (0x12B)
[1006/225204.919:WARNING:pe_image_reader.cc(340)] could not read dos header from C:\WINDOWS\SYSTEM32\NSI.dll
[1006/225204.919:ERROR:process_memory_win.cc(73)] ReadMemory at 0x75820000 of 64 bytes failed: Only part of a ReadProcessMemory or WriteProcessMemory request was completed. (0x12B)
[1006/225204.919:WARNING:pe_image_reader.cc(340)] could not read dos header from C:\WINDOWS\SYSTEM32\NSI.dll
[1006/225204.919:ERROR:process_memory_win.cc(73)] ReadMemory at 0x74d70000 of 64 bytes failed: Only part of a ReadProcessMemory or WriteProcessMemory request was completed. (0x12B)
[1006/225204.919:WARNING:pe_image_reader.cc(340)] could not read dos header from C:\WINDOWS\SYSTEM32\WINNSI.DLL
[1006/225204.920:ERROR:process_memory_win.cc(73)] ReadMemory at 0x74d70000 of 64 bytes failed: Only part of a ReadProcessMemory or WriteProcessMemory request was completed. (0x12B)
[1006/225204.920:WARNING:pe_image_reader.cc(340)] could not read dos header from C:\WINDOWS\SYSTEM32\WINNSI.DLL
[1006/225204.920:ERROR:process_memory_win.cc(73)] ReadMemory at 0x779c0000 of 64 bytes failed: Only part of a ReadProcessMemory or WriteProcessMemory request was completed. (0x12B)
[1006/225204.920:WARNING:pe_image_reader.cc(340)] could not read dos header from C:\WINDOWS\SYSTEM32\combase.dll
[1006/225204.920:ERROR:process_memory_win.cc(73)] ReadMemory at 0x779c0000 of 64 bytes failed: Only part of a ReadProcessMemory or WriteProcessMemory request was completed. (0x12B)
[1006/225204.920:WARNING:pe_image_reader.cc(340)] could not read dos header from C:\WINDOWS\SYSTEM32\combase.dll
[1006/225204.920:ERROR:process_memory_win.cc(73)] ReadMemory at 0x753f0000 of 64 bytes failed: Only part of a ReadProcessMemory or WriteProcessMemory request was completed. (0x12B)
[1006/225204.920:WARNING:pe_image_reader.cc(340)] could not read dos header from C:\WINDOWS\SYSTEM32\WINMMBASE.dll
[1006/225204.920:ERROR:process_memory_win.cc(73)] ReadMemory at 0x753f0000 of 64 bytes failed: Only part of a ReadProcessMemory or WriteProcessMemory request was completed. (0x12B)
[1006/225204.920:WARNING:pe_image_reader.cc(340)] could not read dos header from C:\WINDOWS\SYSTEM32\WINMMBASE.dll
[1006/225204.920:ERROR:process_memory_win.cc(73)] ReadMemory at 0x75d80000 of 64 bytes failed: Only part of a ReadProcessMemory or WriteProcessMemory request was completed. (0x12B)
[1006/225204.920:WARNING:pe_image_reader.cc(340)] could not read dos header from C:\WINDOWS\SYSTEM32\USER32.dll
[1006/225204.920:ERROR:process_memory_win.cc(73)] ReadMemory at 0x75d80000 of 64 bytes failed: Only part of a ReadProcessMemory or WriteProcessMemory request was completed. (0x12B)
[1006/225204.920:WARNING:pe_image_reader.cc(340)] could not read dos header from C:\WINDOWS\SYSTEM32\USER32.dll
[1006/225204.920:ERROR:process_memory_win.cc(73)] ReadMemory at 0x74e60000 of 64 bytes failed: Only part of a ReadProcessMemory or WriteProcessMemory request was completed. (0x12B)
[1006/225204.921:WARNING:pe_image_reader.cc(340)] could not read dos header from C:\WINDOWS\SYSTEM32\profapi.dll
[1006/225204.921:ERROR:process_memory_win.cc(73)] ReadMemory at 0x74e60000 of 64 bytes failed: Only part of a ReadProcessMemory or WriteProcessMemory request was completed. (0x12B)
[1006/225204.921:WARNING:pe_image_reader.cc(340)] could not read dos header from C:\WINDOWS\SYSTEM32\profapi.dll
[1006/225204.921:ERROR:process_memory_win.cc(73)] ReadMemory at 0x774f0000 of 64 bytes failed: Only part of a ReadProcessMemory or WriteProcessMemory request was completed. (0x12B)
[1006/225204.921:WARNING:pe_image_reader.cc(340)] could not read dos header from C:\WINDOWS\SYSTEM32\MSASN1.dll
[1006/225204.921:ERROR:process_memory_win.cc(73)] ReadMemory at 0x774f0000 of 64 bytes failed: Only part of a ReadProcessMemory or WriteProcessMemory request was completed. (0x12B)
[1006/225204.921:WARNING:pe_image_reader.cc(340)] could not read dos header from C:\WINDOWS\SYSTEM32\MSASN1.dll
[1006/225204.921:ERROR:process_memory_win.cc(73)] ReadMemory at 0x775b0000 of 64 bytes failed: Only part of a ReadProcessMemory or WriteProcessMemory request was completed. (0x12B)
[1006/225204.921:WARNING:pe_image_reader.cc(340)] could not read dos header from C:\WINDOWS\SYSTEM32\cfgmgr32.dll
[1006/225204.921:ERROR:process_memory_win.cc(73)] ReadMemory at 0x775b0000 of 64 bytes failed: Only part of a ReadProcessMemory or WriteProcessMemory request was completed. (0x12B)
[1006/225204.921:WARNING:pe_image_reader.cc(340)] could not read dos header from C:\WINDOWS\SYSTEM32\cfgmgr32.dll
[1006/225204.921:ERROR:process_memory_win.cc(73)] ReadMemory at 0x753c0000 of 64 bytes failed: Only part of a ReadProcessMemory or WriteProcessMemory request was completed. (0x12B)
[1006/225204.921:WARNING:pe_image_reader.cc(340)] could not read dos header from C:\WINDOWS\SYSTEM32\DEVOBJ.dll
[1006/225204.921:ERROR:process_memory_win.cc(73)] ReadMemory at 0x753c0000 of 64 bytes failed: Only part of a ReadProcessMemory or WriteProcessMemory request was completed. (0x12B)
[1006/225204.921:WARNING:pe_image_reader.cc(340)] could not read dos header from C:\WINDOWS\SYSTEM32\DEVOBJ.dll
[1006/225204.922:ERROR:process_memory_win.cc(73)] ReadMemory at 0x75ad0000 of 64 bytes failed: Only part of a ReadProcessMemory or WriteProcessMemory request was completed. (0x12B)
[1006/225204.922:WARNING:pe_image_reader.cc(340)] could not read dos header from C:\WINDOWS\SYSTEM32\GDI32.dll
[1006/225204.922:ERROR:process_memory_win.cc(73)] ReadMemory at 0x75ad0000 of 64 bytes failed: Only part of a ReadProcessMemory or WriteProcessMemory request was completed. (0x12B)
[1006/225204.922:WARNING:pe_image_reader.cc(340)] could not read dos header from C:\WINDOWS\SYSTEM32\GDI32.dll
[1006/225204.922:ERROR:process_memory_win.cc(73)] ReadMemory at 0x77500000 of 64 bytes failed: Only part of a ReadProcessMemory or WriteProcessMemory request was completed. (0x12B)
[1006/225204.922:WARNING:pe_image_reader.cc(340)] could not read dos header from C:\WINDOWS\system32\IMM32.DLL
[1006/225204.922:ERROR:process_memory_win.cc(73)] ReadMemory at 0x77500000 of 64 bytes failed: Only part of a ReadProcessMemory or WriteProcessMemory request was completed. (0x12B)
[1006/225204.922:WARNING:pe_image_reader.cc(340)] could not read dos header from C:\WINDOWS\system32\IMM32.DLL
[1006/225204.922:ERROR:process_memory_win.cc(73)] ReadMemory at 0x778a0000 of 64 bytes failed: Only part of a ReadProcessMemory or WriteProcessMemory request was completed. (0x12B)
[1006/225204.922:WARNING:pe_image_reader.cc(340)] could not read dos header from C:\WINDOWS\SYSTEM32\MSCTF.dll
[1006/225204.922:ERROR:process_memory_win.cc(73)] ReadMemory at 0x778a0000 of 64 bytes failed: Only part of a ReadProcessMemory or WriteProcessMemory request was completed. (0x12B)
[1006/225204.922:WARNING:pe_image_reader.cc(340)] could not read dos header from C:\WINDOWS\SYSTEM32\MSCTF.dll
[1006/225204.922:ERROR:process_memory_win.cc(73)] ReadMemory at 0x77df007c of 4 bytes failed: Only part of a ReadProcessMemory or WriteProcessMemory request was completed. (0x12B)
[1006/225204.922:ERROR:process_snapshot_win.cc(311)] failed to read target address
[1006/225205.685:ERROR:process_memory_win.cc(73)] ReadMemory at 0x9c0000 of 64 bytes failed: Only part of a ReadProcessMemory or WriteProcessMemory request was completed. (0x12B)
[1006/225205.686:WARNING:pe_image_reader.cc(340)] could not read dos header from C:\Program Files (x86)\Google\Chrome\Application\chrome.exe
[1006/225205.686:ERROR:process_memory_win.cc(73)] ReadMemory at 0x77cf0000 of 64 bytes failed: Only part of a ReadProcessMemory or WriteProcessMemory request was completed. (0x12B)
[1006/225205.686:WARNING:pe_image_reader.cc(340)] could not read dos header from C:\WINDOWS\SYSTEM32\ntdll.dll
[1006/225205.686:ERROR:process_memory_win.cc(73)] ReadMemory at 0x77760000 of 64 bytes failed: Only part of a ReadProcessMemory or WriteProcessMemory request was completed. (0x12B)
[1006/225205.686:WARNING:pe_image_reader.cc(340)] could not read dos header from C:\WINDOWS\SYSTEM32\KERNEL32.DLL
[1006/225205.686:ERROR:process_memory_win.cc(73)] ReadMemory at 0x77b40000 of 64 bytes failed: Only part of a ReadProcessMemory or WriteProcessMemory request was completed. (0x12B)
[1006/225205.686:WARNING:pe_image_reader.cc(340)] could not read dos header from C:\WINDOWS\SYSTEM32\KERNELBASE.dll
[1006/225205.687:ERROR:process_memory_win.cc(73)] ReadMemory at 0x6f730000 of 64 bytes failed: Only part of a ReadProcessMemory or WriteProcessMemory request was completed. (0x12B)
[1006/225205.687:WARNING:pe_image_reader.cc(340)] could not read dos header from C:\Program Files (x86)\Google\Chrome\Application\85.0.4183.83\chrome_elf.dll
[1006/225205.687:ERROR:process_memory_win.cc(73)] ReadMemory at 0x74a20000 of 64 bytes failed: Only part of a ReadProcessMemory or WriteProcessMemory request was completed. (0x12B)
[1006/225205.687:WARNING:pe_image_reader.cc(340)] could not read dos header from C:\WINDOWS\SYSTEM32\VERSION.dll
[1006/225205.687:ERROR:process_memory_win.cc(73)] ReadMemory at 0x775f0000 of 64 bytes failed: Only part of a ReadProcessMemory or WriteProcessMemory request was completed. (0x12B)
[1006/225205.687:WARNING:pe_image_reader.cc(340)] could not read dos header from C:\WINDOWS\SYSTEM32\msvcrt.dll
[1006/225205.687:ERROR:process_memory_win.cc(73)] ReadMemory at 0x75460000 of 64 bytes failed: Only part of a ReadProcessMemory or WriteProcessMemory request was completed. (0x12B)
[1006/225205.687:WARNING:pe_image_reader.cc(340)] could not read dos header from C:\WINDOWS\SYSTEM32\bcryptPrimitives.dll
[1006/225205.687:ERROR:process_memory_win.cc(73)] ReadMemory at 0x75ee0000 of 64 bytes failed: Only part of a ReadProcessMemory or WriteProcessMemory request was completed. (0x12B)
[1006/225205.687:WARNING:pe_image_reader.cc(340)] could not read dos header from C:\WINDOWS\SYSTEM32\ADVAPI32.dll
[1006/225205.688:ERROR:process_memory_win.cc(73)] ReadMemory at 0x77540000 of 64 bytes failed: Only part of a ReadProcessMemory or WriteProcessMemory request was completed. (0x12B)
[1006/225205.688:WARNING:pe_image_reader.cc(340)] could not read dos header from C:\WINDOWS\SYSTEM32\sechost.dll
[1006/225205.688:ERROR:process_memory_win.cc(73)] ReadMemory at 0x755d0000 of 64 bytes failed: Only part of a ReadProcessMemory or WriteProcessMemory request was completed. (0x12B)
[1006/225205.688:WARNING:pe_image_reader.cc(340)] could not read dos header from C:\WINDOWS\SYSTEM32\RPCRT4.dll
[1006/225205.688:ERROR:process_memory_win.cc(73)] ReadMemory at 0x774d0000 of 64 bytes failed: Only part of a ReadProcessMemory or WriteProcessMemory request was completed. (0x12B)
[1006/225205.688:WARNING:pe_image_reader.cc(340)] could not read dos header from C:\WINDOWS\SYSTEM32\SspiCli.dll
[1006/225205.688:ERROR:process_memory_win.cc(73)] ReadMemory at 0x754c0000 of 64 bytes failed: Only part of a ReadProcessMemory or WriteProcessMemory request was completed. (0x12B)
[1006/225205.688:WARNING:pe_image_reader.cc(340)] could not read dos header from C:\WINDOWS\SYSTEM32\CRYPTBASE.dll
[1006/225205.688:ERROR:process_memory_win.cc(73)] ReadMemory at 0x65350000 of 64 bytes failed: Only part of a ReadProcessMemory or WriteProcessMemory request was completed. (0x12B)
[1006/225205.688:WARNING:pe_image_reader.cc(340)] could not read dos header from C:\Program Files (x86)\Google\Chrome\Application\85.0.4183.83\chrome.dll
[1006/225205.688:ERROR:process_memory_win.cc(73)] ReadMemory at 0x761c0000 of 64 bytes failed: Only part of a ReadProcessMemory or WriteProcessMemory request was completed. (0x12B)
[1006/225205.689:WARNING:pe_image_reader.cc(340)] could not read dos header from C:\WINDOWS\SYSTEM32\WS2_32.dll
[1006/225205.689:ERROR:process_memory_win.cc(73)] ReadMemory at 0x74d80000 of 64 bytes failed: Only part of a ReadProcessMemory or WriteProcessMemory request was completed. (0x12B)
[1006/225205.689:WARNING:pe_image_reader.cc(340)] could not read dos header from C:\WINDOWS\SYSTEM32\IPHLPAPI.DLL
[1006/225205.689:ERROR:process_memory_win.cc(73)] ReadMemory at 0x75530000 of 64 bytes failed: Only part of a ReadProcessMemory or WriteProcessMemory request was completed. (0x12B)
[1006/225205.689:WARNING:pe_image_reader.cc(340)] could not read dos header from C:\WINDOWS\SYSTEM32\OLEAUT32.dll
[1006/225205.689:ERROR:process_memory_win.cc(73)] ReadMemory at 0x75420000 of 64 bytes failed: Only part of a ReadProcessMemory or WriteProcessMemory request was completed. (0x12B)
[1006/225205.689:WARNING:pe_image_reader.cc(340)] could not read dos header from C:\WINDOWS\SYSTEM32\WINMM.dll
[1006/225205.689:ERROR:process_memory_win.cc(73)] ReadMemory at 0x6f630000 of 64 bytes failed: Only part of a ReadProcessMemory or WriteProcessMemory request was completed. (0x12B)
[1006/225205.689:WARNING:pe_image_reader.cc(340)] could not read dos header from C:\WINDOWS\SYSTEM32\UIAutomationCore.DLL
[1006/225205.690:ERROR:process_memory_win.cc(73)] ReadMemory at 0x73d70000 of 64 bytes failed: Only part of a ReadProcessMemory or WriteProcessMemory request was completed. (0x12B)
[1006/225205.690:WARNING:pe_image_reader.cc(340)] could not read dos header from C:\WINDOWS\SYSTEM32\Secur32.dll
[1006/225205.691:ERROR:process_memory_win.cc(73)] ReadMemory at 0x74a00000 of 64 bytes failed: Only part of a ReadProcessMemory or WriteProcessMemory request was completed. (0x12B)
[1006/225205.691:WARNING:pe_image_reader.cc(340)] could not read dos header from C:\WINDOWS\SYSTEM32\USERENV.dll
[1006/225205.691:ERROR:process_memory_win.cc(73)] ReadMemory at 0x75f60000 of 64 bytes failed: Only part of a ReadProcessMemory or WriteProcessMemory request was completed. (0x12B)
[1006/225205.691:WARNING:pe_image_reader.cc(340)] could not read dos header from C:\WINDOWS\SYSTEM32\WINTRUST.dll
[1006/225205.691:ERROR:process_memory_win.cc(73)] ReadMemory at 0x76030000 of 64 bytes failed: Only part of a ReadProcessMemory or WriteProcessMemory request was completed. (0x12B)
[1006/225205.691:WARNING:pe_image_reader.cc(340)] could not read dos header from C:\WINDOWS\SYSTEM32\CRYPT32.dll
[1006/225205.691:ERROR:process_memory_win.cc(73)] ReadMemory at 0x731a0000 of 64 bytes failed: Only part of a ReadProcessMemory or WriteProcessMemory request was completed. (0x12B)
[1006/225205.692:WARNING:pe_image_reader.cc(340)] could not read dos header from C:\WINDOWS\SYSTEM32\DWrite.dll
[1006/225205.692:ERROR:process_memory_win.cc(73)] ReadMemory at 0x74f10000 of 64 bytes failed: Only part of a ReadProcessMemory or WriteProcessMemory request was completed. (0x12B)
[1006/225205.692:WARNING:pe_image_reader.cc(340)] could not read dos header from C:\WINDOWS\SYSTEM32\WINSPOOL.DRV
[1006/225205.692:ERROR:process_memory_win.cc(73)] ReadMemory at 0x71160000 of 64 bytes failed: Only part of a ReadProcessMemory or WriteProcessMemory request was completed. (0x12B)
[1006/225205.692:WARNING:pe_image_reader.cc(340)] could not read dos header from C:\WINDOWS\SYSTEM32\dbghelp.dll
[1006/225205.692:ERROR:process_memory_win.cc(73)] ReadMemory at 0x74f80000 of 64 bytes failed: Only part of a ReadProcessMemory or WriteProcessMemory request was completed. (0x12B)
[1006/225205.692:WARNING:pe_image_reader.cc(340)] could not read dos header from C:\WINDOWS\SYSTEM32\WINHTTP.dll
[1006/225205.692:ERROR:process_memory_win.cc(73)] ReadMemory at 0x74cf0000 of 64 bytes failed: Only part of a ReadProcessMemory or WriteProcessMemory request was completed. (0x12B)
[1006/225205.692:WARNING:pe_image_reader.cc(340)] could not read dos header from C:\WINDOWS\SYSTEM32\dhcpcsvc.DLL
[1006/225205.692:ERROR:process_memory_win.cc(73)] ReadMemory at 0x75820000 of 64 bytes failed: Only part of a ReadProcessMemory or WriteProcessMemory request was completed. (0x12B)
[1006/225205.692:WARNING:pe_image_reader.cc(340)] could not read dos header from C:\WINDOWS\SYSTEM32\NSI.dll
[1006/225205.692:ERROR:process_memory_win.cc(73)] ReadMemory at 0x74d70000 of 64 bytes failed: Only part of a ReadProcessMemory or WriteProcessMemory request was completed. (0x12B)
[1006/225205.693:WARNING:pe_image_reader.cc(340)] could not read dos header from C:\WINDOWS\SYSTEM32\WINNSI.DLL
[1006/225205.693:ERROR:process_memory_win.cc(73)] ReadMemory at 0x779c0000 of 64 bytes failed: Only part of a ReadProcessMemory or WriteProcessMemory request was completed. (0x12B)
[1006/225205.693:WARNING:pe_image_reader.cc(340)] could not read dos header from C:\WINDOWS\SYSTEM32\combase.dll
[1006/225205.693:ERROR:process_memory_win.cc(73)] ReadMemory at 0x753f0000 of 64 bytes failed: Only part of a ReadProcessMemory or WriteProcessMemory request was completed. (0x12B)
[1006/225205.693:WARNING:pe_image_reader.cc(340)] could not read dos header from C:\WINDOWS\SYSTEM32\WINMMBASE.dll
[1006/225205.693:ERROR:process_memory_win.cc(73)] ReadMemory at 0x75d80000 of 64 bytes failed: Only part of a ReadProcessMemory or WriteProcessMemory request was completed. (0x12B)
[1006/225205.693:WARNING:pe_image_reader.cc(340)] could not read dos header from C:\WINDOWS\SYSTEM32\USER32.dll
[1006/225205.693:ERROR:process_memory_win.cc(73)] ReadMemory at 0x74e60000 of 64 bytes failed: Only part of a ReadProcessMemory or WriteProcessMemory request was completed. (0x12B)
[1006/225205.693:WARNING:pe_image_reader.cc(340)] could not read dos header from C:\WINDOWS\SYSTEM32\profapi.dll
[1006/225205.694:ERROR:process_memory_win.cc(73)] ReadMemory at 0x774f0000 of 64 bytes failed: Only part of a ReadProcessMemory or WriteProcessMemory request was completed. (0x12B)
[1006/225205.694:WARNING:pe_image_reader.cc(340)] could not read dos header from C:\WINDOWS\SYSTEM32\MSASN1.dll
[1006/225205.694:ERROR:process_memory_win.cc(73)] ReadMemory at 0x775b0000 of 64 bytes failed: Only part of a ReadProcessMemory or WriteProcessMemory request was completed. (0x12B)
[1006/225205.694:WARNING:pe_image_reader.cc(340)] could not read dos header from C:\WINDOWS\SYSTEM32\cfgmgr32.dll
[1006/225205.694:ERROR:process_memory_win.cc(73)] ReadMemory at 0x753c0000 of 64 bytes failed: Only part of a ReadProcessMemory or WriteProcessMemory request was completed. (0x12B)
[1006/225205.694:WARNING:pe_image_reader.cc(340)] could not read dos header from C:\WINDOWS\SYSTEM32\DEVOBJ.dll
[1006/225205.694:ERROR:process_memory_win.cc(73)] ReadMemory at 0x75ad0000 of 64 bytes failed: Only part of a ReadProcessMemory or WriteProcessMemory request was completed. (0x12B)
[1006/225205.695:WARNING:pe_image_reader.cc(340)] could not read dos header from C:\WINDOWS\SYSTEM32\GDI32.dll
[1006/225205.696:ERROR:process_memory_win.cc(73)] ReadMemory at 0x77500000 of 64 bytes failed: Only part of a ReadProcessMemory or WriteProcessMemory request was completed. (0x12B)
[1006/225205.696:WARNING:pe_image_reader.cc(340)] could not read dos header from C:\WINDOWS\system32\IMM32.DLL
[1006/225205.696:ERROR:process_memory_win.cc(73)] ReadMemory at 0x778a0000 of 64 bytes failed: Only part of a ReadProcessMemory or WriteProcessMemory request was completed. (0x12B)
[1006/225205.696:WARNING:pe_image_reader.cc(340)] could not read dos header from C:\WINDOWS\SYSTEM32\MSCTF.dll
[1006/225205.696:ERROR:process_memory_win.cc(73)] ReadMemory at 0x9c0000 of 64 bytes failed: Only part of a ReadProcessMemory or WriteProcessMemory request was completed. (0x12B)
[1006/225205.696:WARNING:pe_image_reader.cc(340)] could not read dos header from C:\Program Files (x86)\Google\Chrome\Application\chrome.exe
[1006/225205.696:ERROR:process_memory_win.cc(73)] ReadMemory at 0x9c0000 of 64 bytes failed: Only part of a ReadProcessMemory or WriteProcessMemory request was completed. (0x12B)
[1006/225205.696:WARNING:pe_image_reader.cc(340)] could not read dos header from C:\Program Files (x86)\Google\Chrome\Application\chrome.exe
[1006/225205.696:ERROR:process_memory_win.cc(73)] ReadMemory at 0x77cf0000 of 64 bytes failed: Only part of a ReadProcessMemory or WriteProcessMemory request was completed. (0x12B)
[1006/225205.697:WARNING:pe_image_reader.cc(340)] could not read dos header from C:\WINDOWS\SYSTEM32\ntdll.dll
[1006/225205.697:ERROR:process_memory_win.cc(73)] ReadMemory at 0x77cf0000 of 64 bytes failed: Only part of a ReadProcessMemory or WriteProcessMemory request was completed. (0x12B)
[1006/225205.697:WARNING:pe_image_reader.cc(340)] could not read dos header from C:\WINDOWS\SYSTEM32\ntdll.dll
[1006/225205.697:ERROR:process_memory_win.cc(73)] ReadMemory at 0x77760000 of 64 bytes failed: Only part of a ReadProcessMemory or WriteProcessMemory request was completed. (0x12B)
[1006/225205.697:WARNING:pe_image_reader.cc(340)] could not read dos header from C:\WINDOWS\SYSTEM32\KERNEL32.DLL
[1006/225205.697:ERROR:process_memory_win.cc(73)] ReadMemory at 0x77760000 of 64 bytes failed: Only part of a ReadProcessMemory or WriteProcessMemory request was completed. (0x12B)
[1006/225205.697:WARNING:pe_image_reader.cc(340)] could not read dos header from C:\WINDOWS\SYSTEM32\KERNEL32.DLL
[1006/225205.697:ERROR:process_memory_win.cc(73)] ReadMemory at 0x77b40000 of 64 bytes failed: Only part of a ReadProcessMemory or WriteProcessMemory request was completed. (0x12B)
[1006/225205.698:WARNING:pe_image_reader.cc(340)] could not read dos header from C:\WINDOWS\SYSTEM32\KERNELBASE.dll
[1006/225205.698:ERROR:process_memory_win.cc(73)] ReadMemory at 0x77b40000 of 64 bytes failed: Only part of a ReadProcessMemory or WriteProcessMemory request was completed. (0x12B)
[1006/225205.698:WARNING:pe_image_reader.cc(340)] could not read dos header from C:\WINDOWS\SYSTEM32\KERNELBASE.dll
[1006/225205.698:ERROR:process_memory_win.cc(73)] ReadMemory at 0x6f730000 of 64 bytes failed: Only part of a ReadProcessMemory or WriteProcessMemory request was completed. (0x12B)
[1006/225205.698:WARNING:pe_image_reader.cc(340)] could not read dos header from C:\Program Files (x86)\Google\Chrome\Application\85.0.4183.83\chrome_elf.dll
[1006/225205.698:ERROR:process_memory_win.cc(73)] ReadMemory at 0x6f730000 of 64 bytes failed: Only part of a ReadProcessMemory or WriteProcessMemory request was completed. (0x12B)
[1006/225205.698:WARNING:pe_image_reader.cc(340)] could not read dos header from C:\Program Files (x86)\Google\Chrome\Application\85.0.4183.83\chrome_elf.dll
[1006/225205.698:ERROR:process_memory_win.cc(73)] ReadMemory at 0x74a20000 of 64 bytes failed: Only part of a ReadProcessMemory or WriteProcessMemory request was completed. (0x12B)
[1006/225205.698:WARNING:pe_image_reader.cc(340)] could not read dos header from C:\WINDOWS\SYSTEM32\VERSION.dll
[1006/225205.698:ERROR:process_memory_win.cc(73)] ReadMemory at 0x74a20000 of 64 bytes failed: Only part of a ReadProcessMemory or WriteProcessMemory request was completed. (0x12B)
[1006/225205.699:WARNING:pe_image_reader.cc(340)] could not read dos header from C:\WINDOWS\SYSTEM32\VERSION.dll
[1006/225205.699:ERROR:process_memory_win.cc(73)] ReadMemory at 0x775f0000 of 64 bytes failed: Only part of a ReadProcessMemory or WriteProcessMemory request was completed. (0x12B)
[1006/225205.699:WARNING:pe_image_reader.cc(340)] could not read dos header from C:\WINDOWS\SYSTEM32\msvcrt.dll
[1006/225205.699:ERROR:process_memory_win.cc(73)] ReadMemory at 0x775f0000 of 64 bytes failed: Only part of a ReadProcessMemory or WriteProcessMemory request was completed. (0x12B)
[1006/225205.699:WARNING:pe_image_reader.cc(340)] could not read dos header from C:\WINDOWS\SYSTEM32\msvcrt.dll
[1006/225205.699:ERROR:process_memory_win.cc(73)] ReadMemory at 0x75460000 of 64 bytes failed: Only part of a ReadProcessMemory or WriteProcessMemory request was completed. (0x12B)
[1006/225205.699:WARNING:pe_image_reader.cc(340)] could not read dos header from C:\WINDOWS\SYSTEM32\bcryptPrimitives.dll
[1006/225205.699:ERROR:process_memory_win.cc(73)] ReadMemory at 0x75460000 of 64 bytes failed: Only part of a ReadProcessMemory or WriteProcessMemory request was completed. (0x12B)
[1006/225205.699:WARNING:pe_image_reader.cc(340)] could not read dos header from C:\WINDOWS\SYSTEM32\bcryptPrimitives.dll
[1006/225205.699:ERROR:process_memory_win.cc(73)] ReadMemory at 0x75ee0000 of 64 bytes failed: Only part of a ReadProcessMemory or WriteProcessMemory request was completed. (0x12B)
[1006/225205.699:WARNING:pe_image_reader.cc(340)] could not read dos header from C:\WINDOWS\SYSTEM32\ADVAPI32.dll
[1006/225205.699:ERROR:process_memory_win.cc(73)] ReadMemory at 0x75ee0000 of 64 bytes failed: Only part of a ReadProcessMemory or WriteProcessMemory request was completed. (0x12B)
[1006/225205.700:WARNING:pe_image_reader.cc(340)] could not read dos header from C:\WINDOWS\SYSTEM32\ADVAPI32.dll
[1006/225205.700:ERROR:process_memory_win.cc(73)] ReadMemory at 0x77540000 of 64 bytes failed: Only part of a ReadProcessMemory or WriteProcessMemory request was completed. (0x12B)
[1006/225205.700:WARNING:pe_image_reader.cc(340)] could not read dos header from C:\WINDOWS\SYSTEM32\sechost.dll
[1006/225205.700:ERROR:process_memory_win.cc(73)] ReadMemory at 0x77540000 of 64 bytes failed: Only part of a ReadProcessMemory or WriteProcessMemory request was completed. (0x12B)
[1006/225205.700:WARNING:pe_image_reader.cc(340)] could not read dos header from C:\WINDOWS\SYSTEM32\sechost.dll
[1006/225205.700:ERROR:process_memory_win.cc(73)] ReadMemory at 0x755d0000 of 64 bytes failed: Only part of a ReadProcessMemory or WriteProcessMemory request was completed. (0x12B)
[1006/225205.700:WARNING:pe_image_reader.cc(340)] could not read dos header from C:\WINDOWS\SYSTEM32\RPCRT4.dll
[1006/225205.700:ERROR:process_memory_win.cc(73)] ReadMemory at 0x755d0000 of 64 bytes failed: Only part of a ReadProcessMemory or WriteProcessMemory request was completed. (0x12B)
[1006/225205.700:WARNING:pe_image_reader.cc(340)] could not read dos header from C:\WINDOWS\SYSTEM32\RPCRT4.dll
[1006/225205.700:ERROR:process_memory_win.cc(73)] ReadMemory at 0x774d0000 of 64 bytes failed: Only part of a ReadProcessMemory or WriteProcessMemory request was completed. (0x12B)
[1006/225205.700:WARNING:pe_image_reader.cc(340)] could not read dos header from C:\WINDOWS\SYSTEM32\SspiCli.dll
[1006/225205.700:ERROR:process_memory_win.cc(73)] ReadMemory at 0x774d0000 of 64 bytes failed: Only part of a ReadProcessMemory or WriteProcessMemory request was completed. (0x12B)
[1006/225205.701:WARNING:pe_image_reader.cc(340)] could not read dos header from C:\WINDOWS\SYSTEM32\SspiCli.dll
[1006/225205.701:ERROR:process_memory_win.cc(73)] ReadMemory at 0x754c0000 of 64 bytes failed: Only part of a ReadProcessMemory or WriteProcessMemory request was completed. (0x12B)
[1006/225205.701:WARNING:pe_image_reader.cc(340)] could not read dos header from C:\WINDOWS\SYSTEM32\CRYPTBASE.dll
[1006/225205.701:ERROR:process_memory_win.cc(73)] ReadMemory at 0x754c0000 of 64 bytes failed: Only part of a ReadProcessMemory or WriteProcessMemory request was completed. (0x12B)
[1006/225205.701:WARNING:pe_image_reader.cc(340)] could not read dos header from C:\WINDOWS\SYSTEM32\CRYPTBASE.dll
[1006/225205.701:ERROR:process_memory_win.cc(73)] ReadMemory at 0x65350000 of 64 bytes failed: Only part of a ReadProcessMemory or WriteProcessMemory request was completed. (0x12B)
[1006/225205.701:WARNING:pe_image_reader.cc(340)] could not read dos header from C:\Program Files (x86)\Google\Chrome\Application\85.0.4183.83\chrome.dll
[1006/225205.701:ERROR:process_memory_win.cc(73)] ReadMemory at 0x65350000 of 64 bytes failed: Only part of a ReadProcessMemory or WriteProcessMemory request was completed. (0x12B)
[1006/225205.702:WARNING:pe_image_reader.cc(340)] could not read dos header from C:\Program Files (x86)\Google\Chrome\Application\85.0.4183.83\chrome.dll
[1006/225205.702:ERROR:process_memory_win.cc(73)] ReadMemory at 0x761c0000 of 64 bytes failed: Only part of a ReadProcessMemory or WriteProcessMemory request was completed. (0x12B)
[1006/225205.702:WARNING:pe_image_reader.cc(340)] could not read dos header from C:\WINDOWS\SYSTEM32\WS2_32.dll
[1006/225205.702:ERROR:process_memory_win.cc(73)] ReadMemory at 0x761c0000 of 64 bytes failed: Only part of a ReadProcessMemory or WriteProcessMemory request was completed. (0x12B)
[1006/225205.702:WARNING:pe_image_reader.cc(340)] could not read dos header from C:\WINDOWS\SYSTEM32\WS2_32.dll
[1006/225205.702:ERROR:process_memory_win.cc(73)] ReadMemory at 0x74d80000 of 64 bytes failed: Only part of a ReadProcessMemory or WriteProcessMemory request was completed. (0x12B)
[1006/225205.702:WARNING:pe_image_reader.cc(340)] could not read dos header from C:\WINDOWS\SYSTEM32\IPHLPAPI.DLL
[1006/225205.703:ERROR:process_memory_win.cc(73)] ReadMemory at 0x74d80000 of 64 bytes failed: Only part of a ReadProcessMemory or WriteProcessMemory request was completed. (0x12B)
[1006/225205.703:WARNING:pe_image_reader.cc(340)] could not read dos header from C:\WINDOWS\SYSTEM32\IPHLPAPI.DLL
[1006/225205.703:ERROR:process_memory_win.cc(73)] ReadMemory at 0x75530000 of 64 bytes failed: Only part of a ReadProcessMemory or WriteProcessMemory request was completed. (0x12B)
[1006/225205.703:WARNING:pe_image_reader.cc(340)] could not read dos header from C:\WINDOWS\SYSTEM32\OLEAUT32.dll
[1006/225205.703:ERROR:process_memory_win.cc(73)] ReadMemory at 0x75530000 of 64 bytes failed: Only part of a ReadProcessMemory or WriteProcessMemory request was completed. (0x12B)
[1006/225205.703:WARNING:pe_image_reader.cc(340)] could not read dos header from C:\WINDOWS\SYSTEM32\OLEAUT32.dll
[1006/225205.703:ERROR:process_memory_win.cc(73)] ReadMemory at 0x75420000 of 64 bytes failed: Only part of a ReadProcessMemory or WriteProcessMemory request was completed. (0x12B)
[1006/225205.703:WARNING:pe_image_reader.cc(340)] could not read dos header from C:\WINDOWS\SYSTEM32\WINMM.dll
[1006/225205.703:ERROR:process_memory_win.cc(73)] ReadMemory at 0x75420000 of 64 bytes failed: Only part of a ReadProcessMemory or WriteProcessMemory request was completed. (0x12B)
[1006/225205.704:WARNING:pe_image_reader.cc(340)] could not read dos header from C:\WINDOWS\SYSTEM32\WINMM.dll
[1006/225205.704:ERROR:process_memory_win.cc(73)] ReadMemory at 0x6f630000 of 64 bytes failed: Only part of a ReadProcessMemory or WriteProcessMemory request was completed. (0x12B)
[1006/225205.704:WARNING:pe_image_reader.cc(340)] could not read dos header from C:\WINDOWS\SYSTEM32\UIAutomationCore.DLL
[1006/225205.704:ERROR:process_memory_win.cc(73)] ReadMemory at 0x6f630000 of 64 bytes failed: Only part of a ReadProcessMemory or WriteProcessMemory request was completed. (0x12B)
[1006/225205.704:WARNING:pe_image_reader.cc(340)] could not read dos header from C:\WINDOWS\SYSTEM32\UIAutomationCore.DLL
[1006/225205.704:ERROR:process_memory_win.cc(73)] ReadMemory at 0x73d70000 of 64 bytes failed: Only part of a ReadProcessMemory or WriteProcessMemory request was completed. (0x12B)
[1006/225205.704:WARNING:pe_image_reader.cc(340)] could not read dos header from C:\WINDOWS\SYSTEM32\Secur32.dll
[1006/225205.704:ERROR:process_memory_win.cc(73)] ReadMemory at 0x73d70000 of 64 bytes failed: Only part of a ReadProcessMemory or WriteProcessMemory request was completed. (0x12B)
[1006/225205.704:WARNING:pe_image_reader.cc(340)] could not read dos header from C:\WINDOWS\SYSTEM32\Secur32.dll
[1006/225205.705:ERROR:process_memory_win.cc(73)] ReadMemory at 0x74a00000 of 64 bytes failed: Only part of a ReadProcessMemory or WriteProcessMemory request was completed. (0x12B)
[1006/225205.705:WARNING:pe_image_reader.cc(340)] could not read dos header from C:\WINDOWS\SYSTEM32\USERENV.dll
[1006/225205.705:ERROR:process_memory_win.cc(73)] ReadMemory at 0x74a00000 of 64 bytes failed: Only part of a ReadProcessMemory or WriteProcessMemory request was completed. (0x12B)
[1006/225205.705:WARNING:pe_image_reader.cc(340)] could not read dos header from C:\WINDOWS\SYSTEM32\USERENV.dll
[1006/225205.705:ERROR:process_memory_win.cc(73)] ReadMemory at 0x75f60000 of 64 bytes failed: Only part of a ReadProcessMemory or WriteProcessMemory request was completed. (0x12B)
[1006/225205.705:WARNING:pe_image_reader.cc(340)] could not read dos header from C:\WINDOWS\SYSTEM32\WINTRUST.dll
[1006/225205.705:ERROR:process_memory_win.cc(73)] ReadMemory at 0x75f60000 of 64 bytes failed: Only part of a ReadProcessMemory or WriteProcessMemory request was completed. (0x12B)
[1006/225205.705:WARNING:pe_image_reader.cc(340)] could not read dos header from C:\WINDOWS\SYSTEM32\WINTRUST.dll
[1006/225205.705:ERROR:process_memory_win.cc(73)] ReadMemory at 0x76030000 of 64 bytes failed: Only part of a ReadProcessMemory or WriteProcessMemory request was completed. (0x12B)
[1006/225205.705:WARNING:pe_image_reader.cc(340)] could not read dos header from C:\WINDOWS\SYSTEM32\CRYPT32.dll
[1006/225205.706:ERROR:process_memory_win.cc(73)] ReadMemory at 0x76030000 of 64 bytes failed: Only part of a ReadProcessMemory or WriteProcessMemory request was completed. (0x12B)
[1006/225205.708:WARNING:pe_image_reader.cc(340)] could not read dos header from C:\WINDOWS\SYSTEM32\CRYPT32.dll
[1006/225205.708:ERROR:process_memory_win.cc(73)] ReadMemory at 0x731a0000 of 64 bytes failed: Only part of a ReadProcessMemory or WriteProcessMemory request was completed. (0x12B)
[1006/225205.708:WARNING:pe_image_reader.cc(340)] could not read dos header from C:\WINDOWS\SYSTEM32\DWrite.dll
[1006/225205.708:ERROR:process_memory_win.cc(73)] ReadMemory at 0x731a0000 of 64 bytes failed: Only part of a ReadProcessMemory or WriteProcessMemory request was completed. (0x12B)
[1006/225205.708:WARNING:pe_image_reader.cc(340)] could not read dos header from C:\WINDOWS\SYSTEM32\DWrite.dll
[1006/225205.708:ERROR:process_memory_win.cc(73)] ReadMemory at 0x74f10000 of 64 bytes failed: Only part of a ReadProcessMemory or WriteProcessMemory request was completed. (0x12B)
[1006/225205.708:WARNING:pe_image_reader.cc(340)] could not read dos header from C:\WINDOWS\SYSTEM32\WINSPOOL.DRV
[1006/225205.709:ERROR:process_memory_win.cc(73)] ReadMemory at 0x74f10000 of 64 bytes failed: Only part of a ReadProcessMemory or WriteProcessMemory request was completed. (0x12B)
[1006/225205.709:WARNING:pe_image_reader.cc(340)] could not read dos header from C:\WINDOWS\SYSTEM32\WINSPOOL.DRV
[1006/225205.709:ERROR:process_memory_win.cc(73)] ReadMemory at 0x71160000 of 64 bytes failed: Only part of a ReadProcessMemory or WriteProcessMemory request was completed. (0x12B)
[1006/225205.709:WARNING:pe_image_reader.cc(340)] could not read dos header from C:\WINDOWS\SYSTEM32\dbghelp.dll
[1006/225205.709:ERROR:process_memory_win.cc(73)] ReadMemory at 0x71160000 of 64 bytes failed: Only part of a ReadProcessMemory or WriteProcessMemory request was completed. (0x12B)
[1006/225205.709:WARNING:pe_image_reader.cc(340)] could not read dos header from C:\WINDOWS\SYSTEM32\dbghelp.dll
[1006/225205.709:ERROR:process_memory_win.cc(73)] ReadMemory at 0x74f80000 of 64 bytes failed: Only part of a ReadProcessMemory or WriteProcessMemory request was completed. (0x12B)
[1006/225205.709:WARNING:pe_image_reader.cc(340)] could not read dos header from C:\WINDOWS\SYSTEM32\WINHTTP.dll
[1006/225205.709:ERROR:process_memory_win.cc(73)] ReadMemory at 0x74f80000 of 64 bytes failed: Only part of a ReadProcessMemory or WriteProcessMemory request was completed. (0x12B)
[1006/225205.710:WARNING:pe_image_reader.cc(340)] could not read dos header from C:\WINDOWS\SYSTEM32\WINHTTP.dll
[1006/225205.710:ERROR:process_memory_win.cc(73)] ReadMemory at 0x74cf0000 of 64 bytes failed: Only part of a ReadProcessMemory or WriteProcessMemory request was completed. (0x12B)
[1006/225205.710:WARNING:pe_image_reader.cc(340)] could not read dos header from C:\WINDOWS\SYSTEM32\dhcpcsvc.DLL
[1006/225205.710:ERROR:process_memory_win.cc(73)] ReadMemory at 0x74cf0000 of 64 bytes failed: Only part of a ReadProcessMemory or WriteProcessMemory request was completed. (0x12B)
[1006/225205.710:WARNING:pe_image_reader.cc(340)] could not read dos header from C:\WINDOWS\SYSTEM32\dhcpcsvc.DLL
[1006/225205.710:ERROR:process_memory_win.cc(73)] ReadMemory at 0x75820000 of 64 bytes failed: Only part of a ReadProcessMemory or WriteProcessMemory request was completed. (0x12B)
[1006/225205.710:WARNING:pe_image_reader.cc(340)] could not read dos header from C:\WINDOWS\SYSTEM32\NSI.dll
[1006/225205.710:ERROR:process_memory_win.cc(73)] ReadMemory at 0x75820000 of 64 bytes failed: Only part of a ReadProcessMemory or WriteProcessMemory request was completed. (0x12B)
[1006/225205.711:WARNING:pe_image_reader.cc(340)] could not read dos header from C:\WINDOWS\SYSTEM32\NSI.dll
[1006/225205.711:ERROR:process_memory_win.cc(73)] ReadMemory at 0x74d70000 of 64 bytes failed: Only part of a ReadProcessMemory or WriteProcessMemory request was completed. (0x12B)
[1006/225205.711:WARNING:pe_image_reader.cc(340)] could not read dos header from C:\WINDOWS\SYSTEM32\WINNSI.DLL
[1006/225205.711:ERROR:process_memory_win.cc(73)] ReadMemory at 0x74d70000 of 64 bytes failed: Only part of a ReadProcessMemory or WriteProcessMemory request was completed. (0x12B)
[1006/225205.711:WARNING:pe_image_reader.cc(340)] could not read dos header from C:\WINDOWS\SYSTEM32\WINNSI.DLL
[1006/225205.711:ERROR:process_memory_win.cc(73)] ReadMemory at 0x779c0000 of 64 bytes failed: Only part of a ReadProcessMemory or WriteProcessMemory request was completed. (0x12B)
[1006/225205.711:WARNING:pe_image_reader.cc(340)] could not read dos header from C:\WINDOWS\SYSTEM32\combase.dll
[1006/225205.711:ERROR:process_memory_win.cc(73)] ReadMemory at 0x779c0000 of 64 bytes failed: Only part of a ReadProcessMemory or WriteProcessMemory request was completed. (0x12B)
[1006/225205.712:WARNING:pe_image_reader.cc(340)] could not read dos header from C:\WINDOWS\SYSTEM32\combase.dll
[1006/225205.712:ERROR:process_memory_win.cc(73)] ReadMemory at 0x753f0000 of 64 bytes failed: Only part of a ReadProcessMemory or WriteProcessMemory request was completed. (0x12B)
[1006/225205.712:WARNING:pe_image_reader.cc(340)] could not read dos header from C:\WINDOWS\SYSTEM32\WINMMBASE.dll
[1006/225205.712:ERROR:process_memory_win.cc(73)] ReadMemory at 0x753f0000 of 64 bytes failed: Only part of a ReadProcessMemory or WriteProcessMemory request was completed. (0x12B)
[1006/225205.712:WARNING:pe_image_reader.cc(340)] could not read dos header from C:\WINDOWS\SYSTEM32\WINMMBASE.dll
[1006/225205.712:ERROR:process_memory_win.cc(73)] ReadMemory at 0x75d80000 of 64 bytes failed: Only part of a ReadProcessMemory or WriteProcessMemory request was completed. (0x12B)
[1006/225205.712:WARNING:pe_image_reader.cc(340)] could not read dos header from C:\WINDOWS\SYSTEM32\USER32.dll
[1006/225205.712:ERROR:process_memory_win.cc(73)] ReadMemory at 0x75d80000 of 64 bytes failed: Only part of a ReadProcessMemory or WriteProcessMemory request was completed. (0x12B)
[1006/225205.712:WARNING:pe_image_reader.cc(340)] could not read dos header from C:\WINDOWS\SYSTEM32\USER32.dll
[1006/225205.712:ERROR:process_memory_win.cc(73)] ReadMemory at 0x74e60000 of 64 bytes failed: Only part of a ReadProcessMemory or WriteProcessMemory request was completed. (0x12B)
[1006/225205.713:WARNING:pe_image_reader.cc(340)] could not read dos header from C:\WINDOWS\SYSTEM32\profapi.dll
[1006/225205.713:ERROR:process_memory_win.cc(73)] ReadMemory at 0x74e60000 of 64 bytes failed: Only part of a ReadProcessMemory or WriteProcessMemory request was completed. (0x12B)
[1006/225205.713:WARNING:pe_image_reader.cc(340)] could not read dos header from C:\WINDOWS\SYSTEM32\profapi.dll
[1006/225205.713:ERROR:process_memory_win.cc(73)] ReadMemory at 0x774f0000 of 64 bytes failed: Only part of a ReadProcessMemory or WriteProcessMemory request was completed. (0x12B)
[1006/225205.713:WARNING:pe_image_reader.cc(340)] could not read dos header from C:\WINDOWS\SYSTEM32\MSASN1.dll
[1006/225205.713:ERROR:process_memory_win.cc(73)] ReadMemory at 0x774f0000 of 64 bytes failed: Only part of a ReadProcessMemory or WriteProcessMemory request was completed. (0x12B)
[1006/225205.713:WARNING:pe_image_reader.cc(340)] could not read dos header from C:\WINDOWS\SYSTEM32\MSASN1.dll
[1006/225205.713:ERROR:process_memory_win.cc(73)] ReadMemory at 0x775b0000 of 64 bytes failed: Only part of a ReadProcessMemory or WriteProcessMemory request was completed. (0x12B)
[1006/225205.713:WARNING:pe_image_reader.cc(340)] could not read dos header from C:\WINDOWS\SYSTEM32\cfgmgr32.dll
[1006/225205.714:ERROR:process_memory_win.cc(73)] ReadMemory at 0x775b0000 of 64 bytes failed: Only part of a ReadProcessMemory or WriteProcessMemory request was completed. (0x12B)
[1006/225205.715:WARNING:pe_image_reader.cc(340)] could not read dos header from C:\WINDOWS\SYSTEM32\cfgmgr32.dll
[1006/225205.715:ERROR:process_memory_win.cc(73)] ReadMemory at 0x753c0000 of 64 bytes failed: Only part of a ReadProcessMemory or WriteProcessMemory request was completed. (0x12B)
[1006/225205.715:WARNING:pe_image_reader.cc(340)] could not read dos header from C:\WINDOWS\SYSTEM32\DEVOBJ.dll
[1006/225205.715:ERROR:process_memory_win.cc(73)] ReadMemory at 0x753c0000 of 64 bytes failed: Only part of a ReadProcessMemory or WriteProcessMemory request was completed. (0x12B)
[1006/225205.715:WARNING:pe_image_reader.cc(340)] could not read dos header from C:\WINDOWS\SYSTEM32\DEVOBJ.dll
[1006/225205.715:ERROR:process_memory_win.cc(73)] ReadMemory at 0x75ad0000 of 64 bytes failed: Only part of a ReadProcessMemory or WriteProcessMemory request was completed. (0x12B)
[1006/225205.715:WARNING:pe_image_reader.cc(340)] could not read dos header from C:\WINDOWS\SYSTEM32\GDI32.dll
[1006/225205.715:ERROR:process_memory_win.cc(73)] ReadMemory at 0x75ad0000 of 64 bytes failed: Only part of a ReadProcessMemory or WriteProcessMemory request was completed. (0x12B)
[1006/225205.716:WARNING:pe_image_reader.cc(340)] could not read dos header from C:\WINDOWS\SYSTEM32\GDI32.dll
[1006/225205.716:ERROR:process_memory_win.cc(73)] ReadMemory at 0x77500000 of 64 bytes failed: Only part of a ReadProcessMemory or WriteProcessMemory request was completed. (0x12B)
[1006/225205.716:WARNING:pe_image_reader.cc(340)] could not read dos header from C:\WINDOWS\system32\IMM32.DLL
[1006/225205.716:ERROR:process_memory_win.cc(73)] ReadMemory at 0x77500000 of 64 bytes failed: Only part of a ReadProcessMemory or WriteProcessMemory request was completed. (0x12B)
[1006/225205.716:WARNING:pe_image_reader.cc(340)] could not read dos header from C:\WINDOWS\system32\IMM32.DLL
[1006/225205.716:ERROR:process_memory_win.cc(73)] ReadMemory at 0x778a0000 of 64 bytes failed: Only part of a ReadProcessMemory or WriteProcessMemory request was completed. (0x12B)
[1006/225205.716:WARNING:pe_image_reader.cc(340)] could not read dos header from C:\WINDOWS\SYSTEM32\MSCTF.dll
[1006/225205.716:ERROR:process_memory_win.cc(73)] ReadMemory at 0x778a0000 of 64 bytes failed: Only part of a ReadProcessMemory or WriteProcessMemory request was completed. (0x12B)
[1006/225205.716:WARNING:pe_image_reader.cc(340)] could not read dos header from C:\WINDOWS\SYSTEM32\MSCTF.dll
[1006/225209.675:ERROR:process_memory_win.cc(73)] ReadMemory at 0x9c0000 of 64 bytes failed: Only part of a ReadProcessMemory or WriteProcessMemory request was completed. (0x12B)
[1006/225209.675:WARNING:pe_image_reader.cc(340)] could not read dos header from C:\Program Files (x86)\Google\Chrome\Application\chrome.exe
[1006/225209.675:ERROR:process_memory_win.cc(73)] ReadMemory at 0x77cf0000 of 64 bytes failed: Only part of a ReadProcessMemory or WriteProcessMemory request was completed. (0x12B)
[1006/225209.675:WARNING:pe_image_reader.cc(340)] could not read dos header from C:\WINDOWS\SYSTEM32\ntdll.dll
[1006/225209.675:ERROR:process_memory_win.cc(73)] ReadMemory at 0x77760000 of 64 bytes failed: Only part of a ReadProcessMemory or WriteProcessMemory request was completed. (0x12B)
[1006/225209.675:WARNING:pe_image_reader.cc(340)] could not read dos header from C:\WINDOWS\SYSTEM32\KERNEL32.DLL
[1006/225209.675:ERROR:process_memory_win.cc(73)] ReadMemory at 0x77b40000 of 64 bytes failed: Only part of a ReadProcessMemory or WriteProcessMemory request was completed. (0x12B)
[1006/225209.675:WARNING:pe_image_reader.cc(340)] could not read dos header from C:\WINDOWS\SYSTEM32\KERNELBASE.dll
[1006/225209.676:ERROR:process_memory_win.cc(73)] ReadMemory at 0x6f730000 of 64 bytes failed: Only part of a ReadProcessMemory or WriteProcessMemory request was completed. (0x12B)
[1006/225209.676:WARNING:pe_image_reader.cc(340)] could not read dos header from C:\Program Files (x86)\Google\Chrome\Application\85.0.4183.83\chrome_elf.dll
[1006/225209.676:ERROR:process_memory_win.cc(73)] ReadMemory at 0x74a20000 of 64 bytes failed: Only part of a ReadProcessMemory or WriteProcessMemory request was completed. (0x12B)
[1006/225209.676:WARNING:pe_image_reader.cc(340)] could not read dos header from C:\WINDOWS\SYSTEM32\VERSION.dll
[1006/225209.676:ERROR:process_memory_win.cc(73)] ReadMemory at 0x775f0000 of 64 bytes failed: Only part of a ReadProcessMemory or WriteProcessMemory request was completed. (0x12B)
[1006/225209.676:WARNING:pe_image_reader.cc(340)] could not read dos header from C:\WINDOWS\SYSTEM32\msvcrt.dll
[1006/225209.676:ERROR:process_memory_win.cc(73)] ReadMemory at 0x75460000 of 64 bytes failed: Only part of a ReadProcessMemory or WriteProcessMemory request was completed. (0x12B)
[1006/225209.676:WARNING:pe_image_reader.cc(340)] could not read dos header from C:\WINDOWS\SYSTEM32\bcryptPrimitives.dll
[1006/225209.676:ERROR:process_memory_win.cc(73)] ReadMemory at 0x75ee0000 of 64 bytes failed: Only part of a ReadProcessMemory or WriteProcessMemory request was completed. (0x12B)
[1006/225209.676:WARNING:pe_image_reader.cc(340)] could not read dos header from C:\WINDOWS\SYSTEM32\ADVAPI32.dll
[1006/225209.676:ERROR:process_memory_win.cc(73)] ReadMemory at 0x77540000 of 64 bytes failed: Only part of a ReadProcessMemory or WriteProcessMemory request was completed. (0x12B)
[1006/225209.676:WARNING:pe_image_reader.cc(340)] could not read dos header from C:\WINDOWS\SYSTEM32\sechost.dll
[1006/225209.676:ERROR:process_memory_win.cc(73)] ReadMemory at 0x755d0000 of 64 bytes failed: Only part of a ReadProcessMemory or WriteProcessMemory request was completed. (0x12B)
[1006/225209.676:WARNING:pe_image_reader.cc(340)] could not read dos header from C:\WINDOWS\SYSTEM32\RPCRT4.dll
[1006/225209.676:ERROR:process_memory_win.cc(73)] ReadMemory at 0x774d0000 of 64 bytes failed: Only part of a ReadProcessMemory or WriteProcessMemory request was completed. (0x12B)
[1006/225209.677:WARNING:pe_image_reader.cc(340)] could not read dos header from C:\WINDOWS\SYSTEM32\SspiCli.dll
[1006/225209.677:ERROR:process_memory_win.cc(73)] ReadMemory at 0x754c0000 of 64 bytes failed: Only part of a ReadProcessMemory or WriteProcessMemory request was completed. (0x12B)
[1006/225209.677:WARNING:pe_image_reader.cc(340)] could not read dos header from C:\WINDOWS\SYSTEM32\CRYPTBASE.dll
[1006/225209.677:ERROR:process_memory_win.cc(73)] ReadMemory at 0x65350000 of 64 bytes failed: Only part of a ReadProcessMemory or WriteProcessMemory request was completed. (0x12B)
[1006/225209.677:WARNING:pe_image_reader.cc(340)] could not read dos header from C:\Program Files (x86)\Google\Chrome\Application\85.0.4183.83\chrome.dll
[1006/225209.677:ERROR:process_memory_win.cc(73)] ReadMemory at 0x761c0000 of 64 bytes failed: Only part of a ReadProcessMemory or WriteProcessMemory request was completed. (0x12B)
[1006/225209.677:WARNING:pe_image_reader.cc(340)] could not read dos header from C:\WINDOWS\SYSTEM32\WS2_32.dll
[1006/225209.677:ERROR:process_memory_win.cc(73)] ReadMemory at 0x74d80000 of 64 bytes failed: Only part of a ReadProcessMemory or WriteProcessMemory request was completed. (0x12B)
[1006/225209.677:WARNING:pe_image_reader.cc(340)] could not read dos header from C:\WINDOWS\SYSTEM32\IPHLPAPI.DLL
[1006/225209.677:ERROR:process_memory_win.cc(73)] ReadMemory at 0x75530000 of 64 bytes failed: Only part of a ReadProcessMemory or WriteProcessMemory request was completed. (0x12B)
[1006/225209.677:WARNING:pe_image_reader.cc(340)] could not read dos header from C:\WINDOWS\SYSTEM32\OLEAUT32.dll
[1006/225209.677:ERROR:process_memory_win.cc(73)] ReadMemory at 0x75420000 of 64 bytes failed: Only part of a ReadProcessMemory or WriteProcessMemory request was completed. (0x12B)
[1006/225209.677:WARNING:pe_image_reader.cc(340)] could not read dos header from C:\WINDOWS\SYSTEM32\WINMM.dll
[1006/225209.677:ERROR:process_memory_win.cc(73)] ReadMemory at 0x6f630000 of 64 bytes failed: Only part of a ReadProcessMemory or WriteProcessMemory request was completed. (0x12B)
[1006/225209.677:WARNING:pe_image_reader.cc(340)] could not read dos header from C:\WINDOWS\SYSTEM32\UIAutomationCore.DLL
[1006/225209.678:ERROR:process_memory_win.cc(73)] ReadMemory at 0x73d70000 of 64 bytes failed: Only part of a ReadProcessMemory or WriteProcessMemory request was completed. (0x12B)
[1006/225209.678:WARNING:pe_image_reader.cc(340)] could not read dos header from C:\WINDOWS\SYSTEM32\Secur32.dll
[1006/225209.678:ERROR:process_memory_win.cc(73)] ReadMemory at 0x74a00000 of 64 bytes failed: Only part of a ReadProcessMemory or WriteProcessMemory request was completed. (0x12B)
[1006/225209.678:WARNING:pe_image_reader.cc(340)] could not read dos header from C:\WINDOWS\SYSTEM32\USERENV.dll
[1006/225209.678:ERROR:process_memory_win.cc(73)] ReadMemory at 0x75f60000 of 64 bytes failed: Only part of a ReadProcessMemory or WriteProcessMemory request was completed. (0x12B)
[1006/225209.678:WARNING:pe_image_reader.cc(340)] could not read dos header from C:\WINDOWS\SYSTEM32\WINTRUST.dll
[1006/225209.678:ERROR:process_memory_win.cc(73)] ReadMemory at 0x76030000 of 64 bytes failed: Only part of a ReadProcessMemory or WriteProcessMemory request was completed. (0x12B)
[1006/225209.678:WARNING:pe_image_reader.cc(340)] could not read dos header from C:\WINDOWS\SYSTEM32\CRYPT32.dll
[1006/225209.678:ERROR:process_memory_win.cc(73)] ReadMemory at 0x731a0000 of 64 bytes failed: Only part of a ReadProcessMemory or WriteProcessMemory request was completed. (0x12B)
[1006/225209.678:WARNING:pe_image_reader.cc(340)] could not read dos header from C:\WINDOWS\SYSTEM32\DWrite.dll
[1006/225209.678:ERROR:process_memory_win.cc(73)] ReadMemory at 0x74f10000 of 64 bytes failed: Only part of a ReadProcessMemory or WriteProcessMemory request was completed. (0x12B)
[1006/225209.678:WARNING:pe_image_reader.cc(340)] could not read dos header from C:\WINDOWS\SYSTEM32\WINSPOOL.DRV
[1006/225209.678:ERROR:process_memory_win.cc(73)] ReadMemory at 0x71160000 of 64 bytes failed: Only part of a ReadProcessMemory or WriteProcessMemory request was completed. (0x12B)
[1006/225209.678:WARNING:pe_image_reader.cc(340)] could not read dos header from C:\WINDOWS\SYSTEM32\dbghelp.dll
[1006/225209.679:ERROR:process_memory_win.cc(73)] ReadMemory at 0x74f80000 of 64 bytes failed: Only part of a ReadProcessMemory or WriteProcessMemory request was completed. (0x12B)
[1006/225209.679:WARNING:pe_image_reader.cc(340)] could not read dos header from C:\WINDOWS\SYSTEM32\WINHTTP.dll
[1006/225209.679:ERROR:process_memory_win.cc(73)] ReadMemory at 0x74cf0000 of 64 bytes failed: Only part of a ReadProcessMemory or WriteProcessMemory request was completed. (0x12B)
[1006/225209.679:WARNING:pe_image_reader.cc(340)] could not read dos header from C:\WINDOWS\SYSTEM32\dhcpcsvc.DLL
[1006/225209.679:ERROR:process_memory_win.cc(73)] ReadMemory at 0x75820000 of 64 bytes failed: Only part of a ReadProcessMemory or WriteProcessMemory request was completed. (0x12B)
[1006/225209.679:WARNING:pe_image_reader.cc(340)] could not read dos header from C:\WINDOWS\SYSTEM32\NSI.dll
[1006/225209.679:ERROR:process_memory_win.cc(73)] ReadMemory at 0x74d70000 of 64 bytes failed: Only part of a ReadProcessMemory or WriteProcessMemory request was completed. (0x12B)
[1006/225209.680:WARNING:pe_image_reader.cc(340)] could not read dos header from C:\WINDOWS\SYSTEM32\WINNSI.DLL
[1006/225209.680:ERROR:process_memory_win.cc(73)] ReadMemory at 0x779c0000 of 64 bytes failed: Only part of a ReadProcessMemory or WriteProcessMemory request was completed. (0x12B)
[1006/225209.680:WARNING:pe_image_reader.cc(340)] could not read dos header from C:\WINDOWS\SYSTEM32\combase.dll
[1006/225209.680:ERROR:process_memory_win.cc(73)] ReadMemory at 0x753f0000 of 64 bytes failed: Only part of a ReadProcessMemory or WriteProcessMemory request was completed. (0x12B)
[1006/225209.680:WARNING:pe_image_reader.cc(340)] could not read dos header from C:\WINDOWS\SYSTEM32\WINMMBASE.dll
[1006/225209.680:ERROR:process_memory_win.cc(73)] ReadMemory at 0x75d80000 of 64 bytes failed: Only part of a ReadProcessMemory or WriteProcessMemory request was completed. (0x12B)
[1006/225209.680:WARNING:pe_image_reader.cc(340)] could not read dos header from C:\WINDOWS\SYSTEM32\USER32.dll
[1006/225209.680:ERROR:process_memory_win.cc(73)] ReadMemory at 0x74e60000 of 64 bytes failed: Only part of a ReadProcessMemory or WriteProcessMemory request was completed. (0x12B)
[1006/225209.680:WARNING:pe_image_reader.cc(340)] could not read dos header from C:\WINDOWS\SYSTEM32\profapi.dll
[1006/225209.680:ERROR:process_memory_win.cc(73)] ReadMemory at 0x774f0000 of 64 bytes failed: Only part of a ReadProcessMemory or WriteProcessMemory request was completed. (0x12B)
[1006/225209.680:WARNING:pe_image_reader.cc(340)] could not read dos header from C:\WINDOWS\SYSTEM32\MSASN1.dll
[1006/225209.680:ERROR:process_memory_win.cc(73)] ReadMemory at 0x775b0000 of 64 bytes failed: Only part of a ReadProcessMemory or WriteProcessMemory request was completed. (0x12B)
[1006/225209.680:WARNING:pe_image_reader.cc(340)] could not read dos header from C:\WINDOWS\SYSTEM32\cfgmgr32.dll
[1006/225209.680:ERROR:process_memory_win.cc(73)] ReadMemory at 0x753c0000 of 64 bytes failed: Only part of a ReadProcessMemory or WriteProcessMemory request was completed. (0x12B)
[1006/225209.681:WARNING:pe_image_reader.cc(340)] could not read dos header from C:\WINDOWS\SYSTEM32\DEVOBJ.dll
[1006/225209.681:ERROR:process_memory_win.cc(73)] ReadMemory at 0x75ad0000 of 64 bytes failed: Only part of a ReadProcessMemory or WriteProcessMemory request was completed. (0x12B)
[1006/225209.681:WARNING:pe_image_reader.cc(340)] could not read dos header from C:\WINDOWS\SYSTEM32\GDI32.dll
[1006/225209.681:ERROR:process_memory_win.cc(73)] ReadMemory at 0x77500000 of 64 bytes failed: Only part of a ReadProcessMemory or WriteProcessMemory request was completed. (0x12B)
[1006/225209.681:WARNING:pe_image_reader.cc(340)] could not read dos header from C:\WINDOWS\system32\IMM32.DLL
[1006/225209.681:ERROR:process_memory_win.cc(73)] ReadMemory at 0x778a0000 of 64 bytes failed: Only part of a ReadProcessMemory or WriteProcessMemory request was completed. (0x12B)
[1006/225209.681:WARNING:pe_image_reader.cc(340)] could not read dos header from C:\WINDOWS\SYSTEM32\MSCTF.dll
[1006/225209.750:ERROR:process_memory_win.cc(73)] ReadMemory at 0x4e28000 of 32768 bytes failed: Only part of a ReadProcessMemory or WriteProcessMemory request was completed. (0x12B)
[1006/225209.751:ERROR:process_memory_win.cc(73)] ReadMemory at 0x697e000 of 8192 bytes failed: Only part of a ReadProcessMemory or WriteProcessMemory request was completed. (0x12B)
[1006/225209.751:ERROR:process_memory_win.cc(73)] ReadMemory at 0x6abd000 of 12288 bytes failed: Only part of a ReadProcessMemory or WriteProcessMemory request was completed. (0x12B)
[1006/225209.751:ERROR:process_memory_win.cc(73)] ReadMemory at 0x6bfe000 of 8192 bytes failed: Only part of a ReadProcessMemory or WriteProcessMemory request was completed. (0x12B)
[1006/225209.752:ERROR:process_memory_win.cc(73)] ReadMemory at 0x6d3d000 of 12288 bytes failed: Only part of a ReadProcessMemory or WriteProcessMemory request was completed. (0x12B)
[1006/225209.752:ERROR:process_memory_win.cc(73)] ReadMemory at 0x6eff000 of 4096 bytes failed: Only part of a ReadProcessMemory or WriteProcessMemory request was completed. (0x12B)
[1006/225209.752:ERROR:process_memory_win.cc(73)] ReadMemory at 0x703e000 of 8192 bytes failed: Only part of a ReadProcessMemory or WriteProcessMemory request was completed. (0x12B)
[1006/225209.752:ERROR:process_memory_win.cc(73)] ReadMemory at 0x727e000 of 8192 bytes failed: Only part of a ReadProcessMemory or WriteProcessMemory request was completed. (0x12B)
[1006/225209.752:ERROR:process_memory_win.cc(73)] ReadMemory at 0x73bd000 of 12288 bytes failed: Only part of a ReadProcessMemory or WriteProcessMemory request was completed. (0x12B)
[1006/225209.753:ERROR:process_memory_win.cc(73)] ReadMemory at 0x76fe000 of 8192 bytes failed: Only part of a ReadProcessMemory or WriteProcessMemory request was completed. (0x12B)
[1006/225209.753:ERROR:process_memory_win.cc(73)] ReadMemory at 0x783e000 of 8192 bytes failed: Only part of a ReadProcessMemory or WriteProcessMemory request was completed. (0x12B)
[1006/225209.753:ERROR:process_memory_win.cc(73)] ReadMemory at 0x7d1e000 of 8192 bytes failed: Only part of a ReadProcessMemory or WriteProcessMemory request was completed. (0x12B)
[1006/225209.753:ERROR:process_memory_win.cc(73)] ReadMemory at 0x7fbc000 of 16384 bytes failed: Only part of a ReadProcessMemory or WriteProcessMemory request was completed. (0x12B)
[1006/225209.754:ERROR:process_memory_win.cc(73)] ReadMemory at 0x811e000 of 8192 bytes failed: Only part of a ReadProcessMemory or WriteProcessMemory request was completed. (0x12B)
[1006/225209.754:ERROR:process_memory_win.cc(73)] ReadMemory at 0x4f605c8 of 3720 bytes failed: Only part of a ReadProcessMemory or WriteProcessMemory request was completed. (0x12B)
[1006/225209.754:ERROR:process_memory_win.cc(73)] ReadMemory at 0x4f61458 of 660 bytes failed: Only part of a ReadProcessMemory or WriteProcessMemory request was completed. (0x12B)
[1006/225209.754:ERROR:process_memory_win.cc(73)] ReadMemory at 0x4f61900 of 118 bytes failed: Only part of a ReadProcessMemory or WriteProcessMemory request was completed. (0x12B)
[1006/225209.754:ERROR:process_memory_win.cc(73)] ReadMemory at 0x4f61978 of 676 bytes failed: Only part of a ReadProcessMemory or WriteProcessMemory request was completed. (0x12B)
[1006/225209.755:ERROR:process_memory_win.cc(73)] ReadMemory at 0x4f61c1e of 118 bytes failed: Only part of a ReadProcessMemory or WriteProcessMemory request was completed. (0x12B)
[1006/225209.755:ERROR:process_memory_win.cc(73)] ReadMemory at 0x4f61c96 of 102 bytes failed: Only part of a ReadProcessMemory or WriteProcessMemory request was completed. (0x12B)
[1006/225209.755:ERROR:process_memory_win.cc(73)] ReadMemory at 0x4f62b90 of 58 bytes failed: Only part of a ReadProcessMemory or WriteProcessMemory request was completed. (0x12B)
[1006/225209.755:ERROR:process_memory_win.cc(73)] ReadMemory at 0x4f62c80 of 72 bytes failed: Only part of a ReadProcessMemory or WriteProcessMemory request was completed. (0x12B)
[1006/225209.755:ERROR:process_memory_win.cc(73)] ReadMemory at 0x4f62d60 of 72 bytes failed: Only part of a ReadProcessMemory or WriteProcessMemory request was completed. (0x12B)
[1006/225209.756:ERROR:process_memory_win.cc(73)] ReadMemory at 0x4f62e90 of 124 bytes failed: Only part of a ReadProcessMemory or WriteProcessMemory request was completed. (0x12B)
[1006/225209.756:ERROR:process_memory_win.cc(73)] ReadMemory at 0x4f63130 of 64 bytes failed: Only part of a ReadProcessMemory or WriteProcessMemory request was completed. (0x12B)
[1006/225209.756:ERROR:process_memory_win.cc(73)] ReadMemory at 0x4f63180 of 72 bytes failed: Only part of a ReadProcessMemory or WriteProcessMemory request was completed. (0x12B)
[1006/225209.756:ERROR:process_memory_win.cc(73)] ReadMemory at 0x4f63288 of 152 bytes failed: Only part of a ReadProcessMemory or WriteProcessMemory request was completed. (0x12B)
[1006/225209.756:ERROR:process_memory_win.cc(73)] ReadMemory at 0x4f63368 of 68 bytes failed: Only part of a ReadProcessMemory or WriteProcessMemory request was completed. (0x12B)
[1006/225209.756:ERROR:process_memory_win.cc(73)] ReadMemory at 0x4f633b8 of 72 bytes failed: Only part of a ReadProcessMemory or WriteProcessMemory request was completed. (0x12B)
[1006/225209.756:ERROR:process_memory_win.cc(73)] ReadMemory at 0x4f63ba0 of 72 bytes failed: Only part of a ReadProcessMemory or WriteProcessMemory request was completed. (0x12B)
[1006/225209.757:ERROR:process_memory_win.cc(73)] ReadMemory at 0x4f63d20 of 62 bytes failed: Only part of a ReadProcessMemory or WriteProcessMemory request was completed. (0x12B)
[1006/225209.757:ERROR:process_memory_win.cc(73)] ReadMemory at 0x4f63d68 of 72 bytes failed: Only part of a ReadProcessMemory or WriteProcessMemory request was completed. (0x12B)
[1006/225209.757:ERROR:process_memory_win.cc(73)] ReadMemory at 0x4f64878 of 60 bytes failed: Only part of a ReadProcessMemory or WriteProcessMemory request was completed. (0x12B)
[1006/225209.757:ERROR:process_memory_win.cc(73)] ReadMemory at 0x4f648c0 of 72 bytes failed: Only part of a ReadProcessMemory or WriteProcessMemory request was completed. (0x12B)
[1006/225209.757:ERROR:process_memory_win.cc(73)] ReadMemory at 0x4f6f2c8 of 80 bytes failed: Only part of a ReadProcessMemory or WriteProcessMemory request was completed. (0x12B)
[1006/225209.757:ERROR:process_memory_win.cc(73)] ReadMemory at 0x4f6f448 of 66 bytes failed: Only part of a ReadProcessMemory or WriteProcessMemory request was completed. (0x12B)
[1006/225209.757:ERROR:process_memory_win.cc(73)] ReadMemory at 0x4f6f970 of 64 bytes failed: Only part of a ReadProcessMemory or WriteProcessMemory request was completed. (0x12B)
[1006/225209.758:ERROR:process_memory_win.cc(73)] ReadMemory at 0x4f6f9c0 of 64 bytes failed: Only part of a ReadProcessMemory or WriteProcessMemory request was completed. (0x12B)
[1006/225209.758:ERROR:process_memory_win.cc(73)] ReadMemory at 0x4f6fa40 of 66 bytes failed: Only part of a ReadProcessMemory or WriteProcessMemory request was completed. (0x12B)
[1006/225209.758:ERROR:process_memory_win.cc(73)] ReadMemory at 0x4f6fb18 of 54 bytes failed: Only part of a ReadProcessMemory or WriteProcessMemory request was completed. (0x12B)
[1006/225209.758:ERROR:process_memory_win.cc(73)] ReadMemory at 0x4f6fb58 of 80 bytes failed: Only part of a ReadProcessMemory or WriteProcessMemory request was completed. (0x12B)
[1006/225209.758:ERROR:process_memory_win.cc(73)] ReadMemory at 0x4f70058 of 60 bytes failed: Only part of a ReadProcessMemory or WriteProcessMemory request was completed. (0x12B)
[1006/225209.758:ERROR:process_memory_win.cc(73)] ReadMemory at 0x4f70130 of 62 bytes failed: Only part of a ReadProcessMemory or WriteProcessMemory request was completed. (0x12B)
[1006/225209.758:ERROR:process_memory_win.cc(73)] ReadMemory at 0x4f70250 of 60 bytes failed: Only part of a ReadProcessMemory or WriteProcessMemory request was completed. (0x12B)
[1006/225209.758:ERROR:process_memory_win.cc(73)] ReadMemory at 0x4f70298 of 62 bytes failed: Only part of a ReadProcessMemory or WriteProcessMemory request was completed. (0x12B)
[1006/225209.759:ERROR:process_memory_win.cc(73)] ReadMemory at 0x4f702e0 of 58 bytes failed: Only part of a ReadProcessMemory or WriteProcessMemory request was completed. (0x12B)
[1006/225209.759:ERROR:process_memory_win.cc(73)] ReadMemory at 0x4f70328 of 60 bytes failed: Only part of a ReadProcessMemory or WriteProcessMemory request was completed. (0x12B)
[1006/225209.759:ERROR:process_memory_win.cc(73)] ReadMemory at 0x4f70370 of 62 bytes failed: Only part of a ReadProcessMemory or WriteProcessMemory request was completed. (0x12B)
[1006/225209.759:ERROR:process_memory_win.cc(73)] ReadMemory at 0x4f703b8 of 58 bytes failed: Only part of a ReadProcessMemory or WriteProcessMemory request was completed. (0x12B)
[1006/225209.759:ERROR:process_memory_win.cc(73)] ReadMemory at 0x4f70400 of 60 bytes failed: Only part of a ReadProcessMemory or WriteProcessMemory request was completed. (0x12B)
[1006/225209.759:ERROR:process_memory_win.cc(73)] ReadMemory at 0x4f70490 of 58 bytes failed: Only part of a ReadProcessMemory or WriteProcessMemory request was completed. (0x12B)
[1006/225209.759:ERROR:process_memory_win.cc(73)] ReadMemory at 0x4f704d8 of 62 bytes failed: Only part of a ReadProcessMemory or WriteProcessMemory request was completed. (0x12B)
[1006/225209.760:ERROR:process_memory_win.cc(73)] ReadMemory at 0x4f70568 of 62 bytes failed: Only part of a ReadProcessMemory or WriteProcessMemory request was completed. (0x12B)
[1006/225209.760:ERROR:process_memory_win.cc(73)] ReadMemory at 0x4f705b0 of 60 bytes failed: Only part of a ReadProcessMemory or WriteProcessMemory request was completed. (0x12B)
[1006/225209.760:ERROR:process_memory_win.cc(73)] ReadMemory at 0x4f705f8 of 62 bytes failed: Only part of a ReadProcessMemory or WriteProcessMemory request was completed. (0x12B)
[1006/225209.760:ERROR:process_memory_win.cc(73)] ReadMemory at 0x4f70640 of 62 bytes failed: Only part of a ReadProcessMemory or WriteProcessMemory request was completed. (0x12B)
[1006/225209.760:ERROR:process_memory_win.cc(73)] ReadMemory at 0x4f70688 of 62 bytes failed: Only part of a ReadProcessMemory or WriteProcessMemory request was completed. (0x12B)
[1006/225209.760:ERROR:process_memory_win.cc(73)] ReadMemory at 0x4f706d0 of 62 bytes failed: Only part of a ReadProcessMemory or WriteProcessMemory request was completed. (0x12B)
[1006/225209.760:ERROR:process_memory_win.cc(73)] ReadMemory at 0x4f70718 of 60 bytes failed: Only part of a ReadProcessMemory or WriteProcessMemory request was completed. (0x12B)
[1006/225209.761:ERROR:process_memory_win.cc(73)] ReadMemory at 0x4f70760 of 60 bytes failed: Only part of a ReadProcessMemory or WriteProcessMemory request was completed. (0x12B)
[1006/225209.761:ERROR:process_memory_win.cc(73)] ReadMemory at 0x4f707a8 of 58 bytes failed: Only part of a ReadProcessMemory or WriteProcessMemory request was completed. (0x12B)
[1006/225209.761:ERROR:process_memory_win.cc(73)] ReadMemory at 0x4f707f0 of 144 bytes failed: Only part of a ReadProcessMemory or WriteProcessMemory request was completed. (0x12B)
[1006/225209.761:ERROR:process_memory_win.cc(73)] ReadMemory at 0x4f710a0 of 72 bytes failed: Only part of a ReadProcessMemory or WriteProcessMemory request was completed. (0x12B)
[1006/225209.761:ERROR:process_memory_win.cc(73)] ReadMemory at 0x4f722e8 of 72 bytes failed: Only part of a ReadProcessMemory or WriteProcessMemory request was completed. (0x12B)
[1006/225209.761:ERROR:process_memory_win.cc(73)] ReadMemory at 0x4f72390 of 72 bytes failed: Only part of a ReadProcessMemory or WriteProcessMemory request was completed. (0x12B)
[1006/225209.762:ERROR:process_memory_win.cc(73)] ReadMemory at 0x4f72438 of 72 bytes failed: Only part of a ReadProcessMemory or WriteProcessMemory request was completed. (0x12B)
[1006/225209.762:ERROR:process_memory_win.cc(73)] ReadMemory at 0x4f724e0 of 72 bytes failed: Only part of a ReadProcessMemory or WriteProcessMemory request was completed. (0x12B)
[1006/225209.762:ERROR:process_memory_win.cc(73)] ReadMemory at 0x4f72588 of 72 bytes failed: Only part of a ReadProcessMemory or WriteProcessMemory request was completed. (0x12B)
[1006/225209.762:ERROR:process_memory_win.cc(73)] ReadMemory at 0x4f72630 of 72 bytes failed: Only part of a ReadProcessMemory or WriteProcessMemory request was completed. (0x12B)
[1006/225209.762:ERROR:process_memory_win.cc(73)] ReadMemory at 0x4f726d8 of 72 bytes failed: Only part of a ReadProcessMemory or WriteProcessMemory request was completed. (0x12B)
[1006/225209.762:ERROR:process_memory_win.cc(73)] ReadMemory at 0x4f72780 of 72 bytes failed: Only part of a ReadProcessMemory or WriteProcessMemory request was completed. (0x12B)
[1006/225209.762:ERROR:process_memory_win.cc(73)] ReadMemory at 0x4f72828 of 72 bytes failed: Only part of a ReadProcessMemory or WriteProcessMemory request was completed. (0x12B)
[1006/225209.762:ERROR:process_memory_win.cc(73)] ReadMemory at 0x4f728d0 of 72 bytes failed: Only part of a ReadProcessMemory or WriteProcessMemory request was completed. (0x12B)
[1006/225209.763:ERROR:process_memory_win.cc(73)] ReadMemory at 0x4f72978 of 72 bytes failed: Only part of a ReadProcessMemory or WriteProcessMemory request was completed. (0x12B)
[1006/225209.763:ERROR:process_memory_win.cc(73)] ReadMemory at 0x4f72a20 of 72 bytes failed: Only part of a ReadProcessMemory or WriteProcessMemory request was completed. (0x12B)
[1006/225209.763:ERROR:process_memory_win.cc(73)] ReadMemory at 0x4f72ac8 of 72 bytes failed: Only part of a ReadProcessMemory or WriteProcessMemory request was completed. (0x12B)
[1006/225209.763:ERROR:process_memory_win.cc(73)] ReadMemory at 0x4f72b70 of 72 bytes failed: Only part of a ReadProcessMemory or WriteProcessMemory request was completed. (0x12B)
[1006/225209.763:ERROR:process_memory_win.cc(73)] ReadMemory at 0x4f72cc0 of 72 bytes failed: Only part of a ReadProcessMemory or WriteProcessMemory request was completed. (0x12B)
[1006/225209.763:ERROR:process_memory_win.cc(73)] ReadMemory at 0x4f72d68 of 72 bytes failed: Only part of a ReadProcessMemory or WriteProcessMemory request was completed. (0x12B)
[1006/225209.763:ERROR:process_memory_win.cc(73)] ReadMemory at 0x4f72e10 of 72 bytes failed: Only part of a ReadProcessMemory or WriteProcessMemory request was completed. (0x12B)
[1006/225209.764:ERROR:process_memory_win.cc(73)] ReadMemory at 0x4f72eb8 of 72 bytes failed: Only part of a ReadProcessMemory or WriteProcessMemory request was completed. (0x12B)
[1006/225209.764:ERROR:process_memory_win.cc(73)] ReadMemory at 0x4f72f60 of 72 bytes failed: Only part of a ReadProcessMemory or WriteProcessMemory request was completed. (0x12B)
[1006/225209.764:ERROR:process_memory_win.cc(73)] ReadMemory at 0x4f730b0 of 72 bytes failed: Only part of a ReadProcessMemory or WriteProcessMemory request was completed. (0x12B)
[1006/225209.764:ERROR:process_memory_win.cc(73)] ReadMemory at 0x4f73158 of 72 bytes failed: Only part of a ReadProcessMemory or WriteProcessMemory request was completed. (0x12B)
[1006/225209.764:ERROR:process_memory_win.cc(73)] ReadMemory at 0x4f73200 of 72 bytes failed: Only part of a ReadProcessMemory or WriteProcessMemory request was completed. (0x12B)
[1006/225209.764:ERROR:process_memory_win.cc(73)] ReadMemory at 0x4f733f0 of 64 bytes failed: Only part of a ReadProcessMemory or WriteProcessMemory request was completed. (0x12B)
[1006/225209.764:ERROR:process_memory_win.cc(73)] ReadMemory at 0x4f74da8 of 64 bytes failed: Only part of a ReadProcessMemory or WriteProcessMemory request was completed. (0x12B)
[1006/225209.764:ERROR:process_memory_win.cc(73)] ReadMemory at 0x4f74df8 of 64 bytes failed: Only part of a ReadProcessMemory or WriteProcessMemory request was completed. (0x12B)
[1006/225209.765:ERROR:process_memory_win.cc(73)] ReadMemory at 0x4f75e60 of 64 bytes failed: Only part of a ReadProcessMemory or WriteProcessMemory request was completed. (0x12B)
[1006/225209.765:ERROR:process_memory_win.cc(73)] ReadMemory at 0x4f76d18 of 512 bytes failed: Only part of a ReadProcessMemory or WriteProcessMemory request was completed. (0x12B)
[1006/225209.765:ERROR:process_memory_win.cc(73)] ReadMemory at 0x4f774b8 of 72 bytes failed: Only part of a ReadProcessMemory or WriteProcessMemory request was completed. (0x12B)
[1006/225209.765:ERROR:process_memory_win.cc(73)] ReadMemory at 0x4f776b0 of 72 bytes failed: Only part of a ReadProcessMemory or WriteProcessMemory request was completed. (0x12B)
[1006/225209.765:ERROR:process_memory_win.cc(73)] ReadMemory at 0x4f77758 of 72 bytes failed: Only part of a ReadProcessMemory or WriteProcessMemory request was completed. (0x12B)
[1006/225209.765:ERROR:process_memory_win.cc(73)] ReadMemory at 0x4f77800 of 72 bytes failed: Only part of a ReadProcessMemory or WriteProcessMemory request was completed. (0x12B)
[1006/225209.765:ERROR:process_memory_win.cc(73)] ReadMemory at 0x4f778a8 of 72 bytes failed: Only part of a ReadProcessMemory or WriteProcessMemory request was completed. (0x12B)
[1006/225209.766:ERROR:process_memory_win.cc(73)] ReadMemory at 0x4f77950 of 72 bytes failed: Only part of a ReadProcessMemory or WriteProcessMemory request was completed. (0x12B)
[1006/225209.766:ERROR:process_memory_win.cc(73)] ReadMemory at 0x4f779f8 of 72 bytes failed: Only part of a ReadProcessMemory or WriteProcessMemory request was completed. (0x12B)
[1006/225209.766:ERROR:process_memory_win.cc(73)] ReadMemory at 0x4f77aa0 of 72 bytes failed: Only part of a ReadProcessMemory or WriteProcessMemory request was completed. (0x12B)
[1006/225209.766:ERROR:process_memory_win.cc(73)] ReadMemory at 0x4f77b48 of 72 bytes failed: Only part of a ReadProcessMemory or WriteProcessMemory request was completed. (0x12B)
[1006/225209.766:ERROR:process_memory_win.cc(73)] ReadMemory at 0x4f77d40 of 72 bytes failed: Only part of a ReadProcessMemory or WriteProcessMemory request was completed. (0x12B)
[1006/225209.766:ERROR:process_memory_win.cc(73)] ReadMemory at 0x4f78a10 of 64 bytes failed: Only part of a ReadProcessMemory or WriteProcessMemory request was completed. (0x12B)
[1006/225209.766:ERROR:process_memory_win.cc(73)] ReadMemory at 0x4fb7c08 of 512 bytes failed: Only part of a ReadProcessMemory or WriteProcessMemory request was completed. (0x12B)
[1006/225209.767:ERROR:process_memory_win.cc(73)] ReadMemory at 0x4fbefe0 of 512 bytes failed: Only part of a ReadProcessMemory or WriteProcessMemory request was completed. (0x12B)
[1006/225209.767:ERROR:process_memory_win.cc(73)] ReadMemory at 0x70710d0 of 528 bytes failed: Only part of a ReadProcessMemory or WriteProcessMemory request was completed. (0x12B)
[1006/225209.767:ERROR:process_memory_win.cc(73)] ReadMemory at 0x709a6e0 of 512 bytes failed: Only part of a ReadProcessMemory or WriteProcessMemory request was completed. (0x12B)
[1006/225209.767:ERROR:process_memory_win.cc(73)] ReadMemory at 0x70a55a0 of 512 bytes failed: Only part of a ReadProcessMemory or WriteProcessMemory request was completed. (0x12B)
[1006/225209.767:ERROR:process_memory_win.cc(73)] ReadMemory at 0x70c57e2 of 786 bytes failed: Only part of a ReadProcessMemory or WriteProcessMemory request was completed. (0x12B)
[1006/225209.767:ERROR:process_memory_win.cc(73)] ReadMemory at 0x79af6a4 of 512 bytes failed: Only part of a ReadProcessMemory or WriteProcessMemory request was completed. (0x12B)
[1006/225209.768:ERROR:process_memory_win.cc(73)] ReadMemory at 0x3f609900 of 512 bytes failed: Only part of a ReadProcessMemory or WriteProcessMemory request was completed. (0x12B)
[1006/225209.768:ERROR:process_memory_win.cc(73)] ReadMemory at 0x5f68ce20 of 512 bytes failed: Only part of a ReadProcessMemory or WriteProcessMemory request was completed. (0x12B)
[1006/225209.768:ERROR:process_memory_win.cc(73)] ReadMemory at 0x689b10bc of 512 bytes failed: Only part of a ReadProcessMemory or WriteProcessMemory request was completed. (0x12B)
[1006/225209.768:ERROR:process_memory_win.cc(73)] ReadMemory at 0x77d047d0 of 512 bytes failed: Only part of a ReadProcessMemory or WriteProcessMemory request was completed. (0x12B)
[1006/225209.768:ERROR:process_memory_win.cc(73)] ReadMemory at 0x77d2c03c of 592 bytes failed: Only part of a ReadProcessMemory or WriteProcessMemory request was completed. (0x12B)
[1006/225209.768:ERROR:process_memory_win.cc(73)] ReadMemory at 0x77d2c33c of 512 bytes failed: Only part of a ReadProcessMemory or WriteProcessMemory request was completed. (0x12B)
[1006/225209.769:ERROR:process_memory_win.cc(73)] ReadMemory at 0x77d2dabc of 560 bytes failed: Only part of a ReadProcessMemory or WriteProcessMemory request was completed. (0x12B)
[1006/225209.769:ERROR:process_memory_win.cc(73)] ReadMemory at 0x77d4e79c of 18 bytes failed: Only part of a ReadProcessMemory or WriteProcessMemory request was completed. (0x12B)
[1006/225209.769:ERROR:process_memory_win.cc(73)] ReadMemory at 0x77df01e0 of 36 bytes failed: Only part of a ReadProcessMemory or WriteProcessMemory request was completed. (0x12B)
[1006/225209.769:ERROR:process_memory_win.cc(73)] ReadMemory at 0x77df076c of 24 bytes failed: Only part of a ReadProcessMemory or WriteProcessMemory request was completed. (0x12B)
[1006/225209.769:ERROR:process_memory_win.cc(73)] ReadMemory at 0x77df0934 of 32 bytes failed: Only part of a ReadProcessMemory or WriteProcessMemory request was completed. (0x12B)
[1006/225209.769:ERROR:process_memory_win.cc(73)] ReadMemory at 0xffa2e000 of 3992 bytes failed: Only part of a ReadProcessMemory or WriteProcessMemory request was completed. (0x12B)
[1006/225209.769:ERROR:process_memory_win.cc(73)] ReadMemory at 0xffa31000 of 3992 bytes failed: Only part of a ReadProcessMemory or WriteProcessMemory request was completed. (0x12B)
[1006/225209.770:ERROR:process_memory_win.cc(73)] ReadMemory at 0xffa34000 of 3992 bytes failed: Only part of a ReadProcessMemory or WriteProcessMemory request was completed. (0x12B)
[1006/225209.770:ERROR:process_memory_win.cc(73)] ReadMemory at 0xffa3a000 of 3992 bytes failed: Only part of a ReadProcessMemory or WriteProcessMemory request was completed. (0x12B)
[1006/225209.770:ERROR:process_memory_win.cc(73)] ReadMemory at 0xffa3d000 of 3992 bytes failed: Only part of a ReadProcessMemory or WriteProcessMemory request was completed. (0x12B)
[1006/225209.770:ERROR:process_memory_win.cc(73)] ReadMemory at 0xffa40000 of 3992 bytes failed: Only part of a ReadProcessMemory or WriteProcessMemory request was completed. (0x12B)
[1006/225209.770:ERROR:process_memory_win.cc(73)] ReadMemory at 0xffa43000 of 3992 bytes failed: Only part of a ReadProcessMemory or WriteProcessMemory request was completed. (0x12B)
[1006/225209.771:ERROR:process_memory_win.cc(73)] ReadMemory at 0xffa46000 of 3992 bytes failed: Only part of a ReadProcessMemory or WriteProcessMemory request was completed. (0x12B)
[1006/225209.771:ERROR:process_memory_win.cc(73)] ReadMemory at 0xffa49000 of 3992 bytes failed: Only part of a ReadProcessMemory or WriteProcessMemory request was completed. (0x12B)
[1006/225209.771:ERROR:process_memory_win.cc(73)] ReadMemory at 0xffa4c000 of 3992 bytes failed: Only part of a ReadProcessMemory or WriteProcessMemory request was completed. (0x12B)
[1006/225209.771:ERROR:process_memory_win.cc(73)] ReadMemory at 0xffa4f000 of 3992 bytes failed: Only part of a ReadProcessMemory or WriteProcessMemory request was completed. (0x12B)
[1006/225209.771:ERROR:process_memory_win.cc(73)] ReadMemory at 0xffb76000 of 3992 bytes failed: Only part of a ReadProcessMemory or WriteProcessMemory request was completed. (0x12B)
[1006/225209.772:ERROR:process_memory_win.cc(73)] ReadMemory at 0xffb79000 of 3992 bytes failed: Only part of a ReadProcessMemory or WriteProcessMemory request was completed. (0x12B)
[1006/225209.772:ERROR:process_memory_win.cc(73)] ReadMemory at 0xffb7c000 of 3992 bytes failed: Only part of a ReadProcessMemory or WriteProcessMemory request was completed. (0x12B)
[1006/225209.772:ERROR:process_memory_win.cc(73)] ReadMemory at 0xffb7d000 of 560 bytes failed: Only part of a ReadProcessMemory or WriteProcessMemory request was completed. (0x12B)
[1006/225209.778:ERROR:scoped_process_suspend.cc(40)] NtResumeProcess: An attempt was made to access an exiting process. (0xc000010a)
